{
"contracts/ARC/AlloyERC721V1.sol":{"l":{"278":0,"279":0,"280":0,"282":0,"283":0,"285":0,"286":0,"288":0,"291":0,"293":0,"300":0,"304":0,"322":0,"323":0,"324":0,"342":0,"343":0,"367":0,"368":0,"369":0,"370":0,"371":0,"389":0,"400":0,"420":0,"429":0,"430":0,"434":0,"436":0,"437":0,"438":0,"440":0,"441":0,"444":0,"445":0,"450":0,"457":0,"463":0,"472":0,"478":0,"504":0,"516":0,"517":0,"519":0,"520":0,"522":0,"540":0,"552":0,"553":0,"557":0,"562":0,"563":0,"564":0,"567":0,"572":0,"576":0,"577":0,"579":0,"606":0,"618":0,"619":0,"620":0,"621":0,"623":0,"624":0,"628":0,"630":0,"639":0,"663":0,"674":0,"678":0,"683":0,"684":0,"685":0,"687":0,"688":0,"691":0,"692":0,"698":0,"704":0,"729":0,"740":0,"744":0,"749":0,"750":0,"751":0,"753":0,"754":0,"757":0,"758":0,"764":0,"770":0,"792":0,"804":0,"805":0,"806":0,"808":0,"810":0,"830":0,"842":0,"843":0,"845":0,"846":0,"848":0,"868":0,"880":0,"881":0,"883":0,"898":0,"909":0,"910":0,"912":0,"930":0,"942":0,"946":0,"950":0,"954":0,"955":0,"957":0,"982":0,"994":0,"998":0,"1002":0,"1006":0,"1007":0,"1009":0,"1032":0,"1033":0,"1041":0,"1049":0,"1050":0,"1053":0,"1054":0,"1055":0,"1057":0,"1076":0,"1080":0,"1098":0},"path":"/home/swatimalode/Documents/Alloy/audit/smartcontract/contracts/ARC/AlloyERC721V1.sol","s":{"1":0,"2":0,"3":0,"4":0,"5":0,"6":0,"7":0,"8":0,"9":0,"10":0,"11":0,"12":0,"13":0,"14":0,"15":0,"16":0,"17":0,"18":0,"19":0,"20":0,"21":0,"22":0,"23":0,"24":0,"25":0,"26":0,"27":0,"28":0,"29":0,"30":0,"31":0,"32":0,"33":0,"34":0,"35":0,"36":0,"37":0,"38":0,"39":0,"40":0,"41":0,"42":0,"43":0,"44":0,"45":0,"46":0,"47":0,"48":0,"49":0,"50":0,"51":0,"52":0,"53":0,"54":0,"55":0,"56":0,"57":0,"58":0,"59":0,"60":0,"61":0,"62":0,"63":0,"64":0,"65":0,"66":0,"67":0,"68":0,"69":0,"70":0,"71":0,"72":0,"73":0,"74":0,"75":0,"76":0,"77":0,"78":0,"79":0,"80":0,"81":0,"82":0,"83":0,"84":0,"85":0,"86":0,"87":0,"88":0,"89":0,"90":0,"91":0,"92":0,"93":0},"b":{"1":[0,0],"2":[0,0],"3":[0,0],"4":[0,0],"5":[0,0],"6":[0,0],"7":[0,0],"8":[0,0],"9":[0,0],"10":[0,0],"11":[0,0],"12":[0,0],"13":[0,0],"14":[0,0],"15":[0,0],"16":[0,0],"17":[0,0],"18":[0,0],"19":[0,0],"20":[0,0],"21":[0,0],"22":[0,0],"23":[0,0],"24":[0,0],"25":[0,0],"26":[0,0],"27":[0,0],"28":[0,0],"29":[0,0],"30":[0,0],"31":[0,0],"32":[0,0],"33":[0,0],"34":[0,0],"35":[0,0],"36":[0,0],"37":[0,0],"38":[0,0],"39":[0,0],"40":[0,0],"41":[0,0],"42":[0,0],"43":[0,0],"44":[0,0],"45":[0,0],"46":[0,0],"47":[0,0],"48":[0,0],"49":[0,0],"50":[0,0],"51":[0,0],"52":[0,0]},"f":{"1":0,"2":0,"3":0,"4":0,"5":0,"6":0,"7":0,"8":0,"9":0,"10":0,"11":0,"12":0,"13":0,"14":0,"15":0,"16":0,"17":0,"18":0,"19":0,"20":0},"fnMap":{"1":{"name":"initialize","line":277,"loc":{"start":{"line":277,"column":4},"end":{"line":294,"column":4}}},"2":{"name":"onlyMaster","line":299,"loc":{"start":{"line":299,"column":4},"end":{"line":305,"column":4}}},"3":{"name":"mintARC","line":319,"loc":{"start":{"line":316,"column":4},"end":{"line":325,"column":4}}},"4":{"name":"upadateDefaultUri","line":340,"loc":{"start":{"line":337,"column":4},"end":{"line":344,"column":4}}},"5":{"name":"updateMerchantWalletAndNiozAddress","line":366,"loc":{"start":{"line":360,"column":4},"end":{"line":372,"column":4}}},"6":{"name":"mintPrinterARC","line":388,"loc":{"start":{"line":385,"column":4},"end":{"line":487,"column":4}}},"7":{"name":"mintPart","line":500,"loc":{"start":{"line":500,"column":4},"end":{"line":523,"column":4}}},"8":{"name":"assembleParts","line":536,"loc":{"start":{"line":536,"column":4},"end":{"line":587,"column":4}}},"9":{"name":"processPart","line":602,"loc":{"start":{"line":602,"column":4},"end":{"line":646,"column":4}}},"10":{"name":"sellProcessedPart","line":659,"loc":{"start":{"line":659,"column":4},"end":{"line":712,"column":4}}},"11":{"name":"recycleBrokenPart","line":725,"loc":{"start":{"line":725,"column":4},"end":{"line":778,"column":4}}},"12":{"name":"mintUpgrade","line":788,"loc":{"start":{"line":788,"column":4},"end":{"line":816,"column":4}}},"13":{"name":"mintConstruct","line":826,"loc":{"start":{"line":826,"column":4},"end":{"line":854,"column":4}}},"14":{"name":"sellConsumable","line":864,"loc":{"start":{"line":864,"column":4},"end":{"line":884,"column":4}}},"15":{"name":"sellAlloyConstruct","line":894,"loc":{"start":{"line":894,"column":4},"end":{"line":913,"column":4}}},"16":{"name":"processPartInventory","line":926,"loc":{"start":{"line":926,"column":4},"end":{"line":965,"column":4}}},"17":{"name":"equipUpgrade","line":978,"loc":{"start":{"line":978,"column":4},"end":{"line":1016,"column":4}}},"18":{"name":"buy","line":1030,"loc":{"start":{"line":1026,"column":4},"end":{"line":1064,"column":4}}},"19":{"name":"tokenURI","line":1069,"loc":{"start":{"line":1069,"column":4},"end":{"line":1088,"column":4}}},"20":{"name":"feeCalculation","line":1093,"loc":{"start":{"line":1093,"column":4},"end":{"line":1099,"column":4}}}},"statementMap":{"1":{"start":{"line":278,"column":8},"end":{"line":278,"column":45}},"2":{"start":{"line":279,"column":8},"end":{"line":279,"column":23}},"3":{"start":{"line":280,"column":8},"end":{"line":280,"column":31}},"4":{"start":{"line":300,"column":8},"end":{"line":300,"column":6948}},"5":{"start":{"line":323,"column":8},"end":{"line":323,"column":34}},"6":{"start":{"line":324,"column":8},"end":{"line":324,"column":27}},"7":{"start":{"line":389,"column":8},"end":{"line":389,"column":9270}},"8":{"start":{"line":400,"column":8},"end":{"line":400,"column":9668}},"9":{"start":{"line":420,"column":8},"end":{"line":420,"column":10554}},"10":{"start":{"line":429,"column":8},"end":{"line":429,"column":29}},"11":{"start":{"line":430,"column":8},"end":{"line":430,"column":10840}},"12":{"start":{"line":436,"column":8},"end":{"line":436,"column":11008}},"13":{"start":{"line":440,"column":12},"end":{"line":440,"column":46}},"14":{"start":{"line":444,"column":8},"end":{"line":444,"column":50}},"15":{"start":{"line":445,"column":8},"end":{"line":445,"column":11293}},"16":{"start":{"line":450,"column":12},"end":{"line":450,"column":11451}},"17":{"start":{"line":457,"column":12},"end":{"line":457,"column":11701}},"18":{"start":{"line":463,"column":12},"end":{"line":463,"column":11919}},"19":{"start":{"line":472,"column":8},"end":{"line":472,"column":12176}},"20":{"start":{"line":478,"column":8},"end":{"line":478,"column":12313}},"21":{"start":{"line":504,"column":8},"end":{"line":504,"column":12966}},"22":{"start":{"line":519,"column":8},"end":{"line":519,"column":42}},"23":{"start":{"line":522,"column":8},"end":{"line":522,"column":72}},"24":{"start":{"line":540,"column":8},"end":{"line":540,"column":14025}},"25":{"start":{"line":552,"column":8},"end":{"line":552,"column":14423}},"26":{"start":{"line":553,"column":12},"end":{"line":553,"column":14498}},"27":{"start":{"line":557,"column":12},"end":{"line":557,"column":14645}},"28":{"start":{"line":562,"column":12},"end":{"line":562,"column":40}},"29":{"start":{"line":567,"column":8},"end":{"line":567,"column":14971}},"30":{"start":{"line":572,"column":8},"end":{"line":572,"column":15162}},"31":{"start":{"line":576,"column":8},"end":{"line":576,"column":43}},"32":{"start":{"line":579,"column":8},"end":{"line":579,"column":15407}},"33":{"start":{"line":606,"column":8},"end":{"line":606,"column":16148}},"34":{"start":{"line":619,"column":8},"end":{"line":619,"column":42}},"35":{"start":{"line":623,"column":8},"end":{"line":623,"column":16699}},"36":{"start":{"line":624,"column":12},"end":{"line":624,"column":16738}},"37":{"start":{"line":628,"column":12},"end":{"line":628,"column":45}},"38":{"start":{"line":630,"column":12},"end":{"line":630,"column":16935}},"39":{"start":{"line":639,"column":12},"end":{"line":639,"column":17202}},"40":{"start":{"line":663,"column":8},"end":{"line":663,"column":17763}},"41":{"start":{"line":674,"column":8},"end":{"line":674,"column":18160}},"42":{"start":{"line":678,"column":8},"end":{"line":678,"column":18306}},"43":{"start":{"line":684,"column":8},"end":{"line":684,"column":32}},"44":{"start":{"line":687,"column":8},"end":{"line":687,"column":18547}},"45":{"start":{"line":688,"column":12},"end":{"line":688,"column":59}},"46":{"start":{"line":691,"column":8},"end":{"line":691,"column":18657}},"47":{"start":{"line":692,"column":12},"end":{"line":692,"column":18703}},"48":{"start":{"line":698,"column":12},"end":{"line":698,"column":18895}},"49":{"start":{"line":704,"column":8},"end":{"line":704,"column":19040}},"50":{"start":{"line":729,"column":8},"end":{"line":729,"column":19640}},"51":{"start":{"line":740,"column":8},"end":{"line":740,"column":20037}},"52":{"start":{"line":744,"column":8},"end":{"line":744,"column":20183}},"53":{"start":{"line":750,"column":8},"end":{"line":750,"column":32}},"54":{"start":{"line":753,"column":8},"end":{"line":753,"column":20424}},"55":{"start":{"line":754,"column":12},"end":{"line":754,"column":59}},"56":{"start":{"line":757,"column":8},"end":{"line":757,"column":20534}},"57":{"start":{"line":758,"column":12},"end":{"line":758,"column":20580}},"58":{"start":{"line":764,"column":12},"end":{"line":764,"column":20772}},"59":{"start":{"line":770,"column":8},"end":{"line":770,"column":20917}},"60":{"start":{"line":792,"column":8},"end":{"line":792,"column":21426}},"61":{"start":{"line":808,"column":8},"end":{"line":808,"column":42}},"62":{"start":{"line":810,"column":8},"end":{"line":810,"column":21991}},"63":{"start":{"line":830,"column":8},"end":{"line":830,"column":22455}},"64":{"start":{"line":845,"column":8},"end":{"line":845,"column":42}},"65":{"start":{"line":848,"column":8},"end":{"line":848,"column":23013}},"66":{"start":{"line":868,"column":8},"end":{"line":868,"column":23488}},"67":{"start":{"line":880,"column":8},"end":{"line":880,"column":55}},"68":{"start":{"line":883,"column":8},"end":{"line":883,"column":79}},"69":{"start":{"line":898,"column":8},"end":{"line":898,"column":24399}},"70":{"start":{"line":909,"column":8},"end":{"line":909,"column":55}},"71":{"start":{"line":912,"column":8},"end":{"line":912,"column":77}},"72":{"start":{"line":930,"column":8},"end":{"line":930,"column":25389}},"73":{"start":{"line":942,"column":8},"end":{"line":942,"column":25787}},"74":{"start":{"line":946,"column":8},"end":{"line":946,"column":25906}},"75":{"start":{"line":950,"column":8},"end":{"line":950,"column":26025}},"76":{"start":{"line":954,"column":8},"end":{"line":954,"column":29}},"77":{"start":{"line":957,"column":8},"end":{"line":957,"column":26241}},"78":{"start":{"line":982,"column":8},"end":{"line":982,"column":26846}},"79":{"start":{"line":994,"column":8},"end":{"line":994,"column":27244}},"80":{"start":{"line":998,"column":8},"end":{"line":998,"column":27363}},"81":{"start":{"line":1002,"column":8},"end":{"line":1002,"column":27482}},"82":{"start":{"line":1006,"column":8},"end":{"line":1006,"column":29}},"83":{"start":{"line":1009,"column":8},"end":{"line":1009,"column":27704}},"84":{"start":{"line":1032,"column":8},"end":{"line":1032,"column":50}},"85":{"start":{"line":1033,"column":8},"end":{"line":1033,"column":28271}},"86":{"start":{"line":1041,"column":8},"end":{"line":1041,"column":28507}},"87":{"start":{"line":1049,"column":8},"end":{"line":1049,"column":62}},"88":{"start":{"line":1053,"column":8},"end":{"line":1053,"column":47}},"89":{"start":{"line":1054,"column":8},"end":{"line":1054,"column":44}},"90":{"start":{"line":1055,"column":8},"end":{"line":1055,"column":55}},"91":{"start":{"line":1057,"column":8},"end":{"line":1057,"column":29084}},"92":{"start":{"line":1076,"column":8},"end":{"line":1076,"column":29493}},"93":{"start":{"line":1080,"column":8},"end":{"line":1080,"column":29616}}},"branchMap":{"1":{"line":277,"type":"if","locations":[{"start":{"line":277,"column":33},"end":{"line":277,"column":33}},{"start":{"line":277,"column":33},"end":{"line":277,"column":33}}]},"2":{"line":300,"type":"if","locations":[{"start":{"line":300,"column":8},"end":{"line":300,"column":8}},{"start":{"line":300,"column":8},"end":{"line":300,"column":8}}]},"3":{"line":319,"type":"if","locations":[{"start":{"line":319,"column":8},"end":{"line":319,"column":8}},{"start":{"line":319,"column":8},"end":{"line":319,"column":8}}]},"4":{"line":340,"type":"if","locations":[{"start":{"line":340,"column":8},"end":{"line":340,"column":8}},{"start":{"line":340,"column":8},"end":{"line":340,"column":8}}]},"5":{"line":366,"type":"if","locations":[{"start":{"line":366,"column":23},"end":{"line":366,"column":23}},{"start":{"line":366,"column":23},"end":{"line":366,"column":23}}]},"6":{"line":388,"type":"if","locations":[{"start":{"line":388,"column":31},"end":{"line":388,"column":31}},{"start":{"line":388,"column":31},"end":{"line":388,"column":31}}]},"7":{"line":389,"type":"if","locations":[{"start":{"line":389,"column":8},"end":{"line":389,"column":8}},{"start":{"line":389,"column":8},"end":{"line":389,"column":8}}]},"8":{"line":400,"type":"if","locations":[{"start":{"line":400,"column":8},"end":{"line":400,"column":8}},{"start":{"line":400,"column":8},"end":{"line":400,"column":8}}]},"9":{"line":408,"type":"cond-expr","locations":[{"start":{"line":408,"column":17},"end":{"line":408,"column":36}},{"start":{"line":409,"column":20},"end":{"line":409,"column":39}}]},"10":{"line":408,"type":"cond-expr","locations":[{"start":{"line":408,"column":17},"end":{"line":409,"column":39}},{"start":{"line":410,"column":20},"end":{"line":410,"column":39}}]},"11":{"line":420,"type":"if","locations":[{"start":{"line":420,"column":8},"end":{"line":420,"column":8}},{"start":{"line":420,"column":8},"end":{"line":420,"column":8}}]},"12":{"line":430,"type":"if","locations":[{"start":{"line":430,"column":8},"end":{"line":430,"column":8}},{"start":{"line":430,"column":8},"end":{"line":430,"column":8}}]},"13":{"line":445,"type":"if","locations":[{"start":{"line":445,"column":8},"end":{"line":445,"column":8}},{"start":{"line":445,"column":8},"end":{"line":445,"column":8}}]},"14":{"line":504,"type":"if","locations":[{"start":{"line":504,"column":8},"end":{"line":504,"column":8}},{"start":{"line":504,"column":8},"end":{"line":504,"column":8}}]},"15":{"line":540,"type":"if","locations":[{"start":{"line":540,"column":8},"end":{"line":540,"column":8}},{"start":{"line":540,"column":8},"end":{"line":540,"column":8}}]},"16":{"line":553,"type":"if","locations":[{"start":{"line":553,"column":12},"end":{"line":553,"column":12}},{"start":{"line":553,"column":12},"end":{"line":553,"column":12}}]},"17":{"line":557,"type":"if","locations":[{"start":{"line":557,"column":12},"end":{"line":557,"column":12}},{"start":{"line":557,"column":12},"end":{"line":557,"column":12}}]},"18":{"line":567,"type":"if","locations":[{"start":{"line":567,"column":8},"end":{"line":567,"column":8}},{"start":{"line":567,"column":8},"end":{"line":567,"column":8}}]},"19":{"line":572,"type":"if","locations":[{"start":{"line":572,"column":8},"end":{"line":572,"column":8}},{"start":{"line":572,"column":8},"end":{"line":572,"column":8}}]},"20":{"line":606,"type":"if","locations":[{"start":{"line":606,"column":8},"end":{"line":606,"column":8}},{"start":{"line":606,"column":8},"end":{"line":606,"column":8}}]},"21":{"line":623,"type":"if","locations":[{"start":{"line":623,"column":8},"end":{"line":623,"column":8}},{"start":{"line":623,"column":8},"end":{"line":623,"column":8}}]},"22":{"line":624,"type":"if","locations":[{"start":{"line":624,"column":12},"end":{"line":624,"column":12}},{"start":{"line":624,"column":12},"end":{"line":624,"column":12}}]},"23":{"line":663,"type":"if","locations":[{"start":{"line":663,"column":8},"end":{"line":663,"column":8}},{"start":{"line":663,"column":8},"end":{"line":663,"column":8}}]},"24":{"line":674,"type":"if","locations":[{"start":{"line":674,"column":8},"end":{"line":674,"column":8}},{"start":{"line":674,"column":8},"end":{"line":674,"column":8}}]},"25":{"line":678,"type":"if","locations":[{"start":{"line":678,"column":8},"end":{"line":678,"column":8}},{"start":{"line":678,"column":8},"end":{"line":678,"column":8}}]},"26":{"line":687,"type":"if","locations":[{"start":{"line":687,"column":8},"end":{"line":687,"column":8}},{"start":{"line":687,"column":8},"end":{"line":687,"column":8}}]},"27":{"line":691,"type":"if","locations":[{"start":{"line":691,"column":8},"end":{"line":691,"column":8}},{"start":{"line":691,"column":8},"end":{"line":691,"column":8}}]},"28":{"line":692,"type":"if","locations":[{"start":{"line":692,"column":12},"end":{"line":692,"column":12}},{"start":{"line":692,"column":12},"end":{"line":692,"column":12}}]},"29":{"line":698,"type":"if","locations":[{"start":{"line":698,"column":12},"end":{"line":698,"column":12}},{"start":{"line":698,"column":12},"end":{"line":698,"column":12}}]},"30":{"line":729,"type":"if","locations":[{"start":{"line":729,"column":8},"end":{"line":729,"column":8}},{"start":{"line":729,"column":8},"end":{"line":729,"column":8}}]},"31":{"line":740,"type":"if","locations":[{"start":{"line":740,"column":8},"end":{"line":740,"column":8}},{"start":{"line":740,"column":8},"end":{"line":740,"column":8}}]},"32":{"line":744,"type":"if","locations":[{"start":{"line":744,"column":8},"end":{"line":744,"column":8}},{"start":{"line":744,"column":8},"end":{"line":744,"column":8}}]},"33":{"line":753,"type":"if","locations":[{"start":{"line":753,"column":8},"end":{"line":753,"column":8}},{"start":{"line":753,"column":8},"end":{"line":753,"column":8}}]},"34":{"line":757,"type":"if","locations":[{"start":{"line":757,"column":8},"end":{"line":757,"column":8}},{"start":{"line":757,"column":8},"end":{"line":757,"column":8}}]},"35":{"line":758,"type":"if","locations":[{"start":{"line":758,"column":12},"end":{"line":758,"column":12}},{"start":{"line":758,"column":12},"end":{"line":758,"column":12}}]},"36":{"line":764,"type":"if","locations":[{"start":{"line":764,"column":12},"end":{"line":764,"column":12}},{"start":{"line":764,"column":12},"end":{"line":764,"column":12}}]},"37":{"line":792,"type":"if","locations":[{"start":{"line":792,"column":8},"end":{"line":792,"column":8}},{"start":{"line":792,"column":8},"end":{"line":792,"column":8}}]},"38":{"line":830,"type":"if","locations":[{"start":{"line":830,"column":8},"end":{"line":830,"column":8}},{"start":{"line":830,"column":8},"end":{"line":830,"column":8}}]},"39":{"line":868,"type":"if","locations":[{"start":{"line":868,"column":8},"end":{"line":868,"column":8}},{"start":{"line":868,"column":8},"end":{"line":868,"column":8}}]},"40":{"line":898,"type":"if","locations":[{"start":{"line":898,"column":8},"end":{"line":898,"column":8}},{"start":{"line":898,"column":8},"end":{"line":898,"column":8}}]},"41":{"line":930,"type":"if","locations":[{"start":{"line":930,"column":8},"end":{"line":930,"column":8}},{"start":{"line":930,"column":8},"end":{"line":930,"column":8}}]},"42":{"line":942,"type":"if","locations":[{"start":{"line":942,"column":8},"end":{"line":942,"column":8}},{"start":{"line":942,"column":8},"end":{"line":942,"column":8}}]},"43":{"line":946,"type":"if","locations":[{"start":{"line":946,"column":8},"end":{"line":946,"column":8}},{"start":{"line":946,"column":8},"end":{"line":946,"column":8}}]},"44":{"line":950,"type":"if","locations":[{"start":{"line":950,"column":8},"end":{"line":950,"column":8}},{"start":{"line":950,"column":8},"end":{"line":950,"column":8}}]},"45":{"line":982,"type":"if","locations":[{"start":{"line":982,"column":8},"end":{"line":982,"column":8}},{"start":{"line":982,"column":8},"end":{"line":982,"column":8}}]},"46":{"line":994,"type":"if","locations":[{"start":{"line":994,"column":8},"end":{"line":994,"column":8}},{"start":{"line":994,"column":8},"end":{"line":994,"column":8}}]},"47":{"line":998,"type":"if","locations":[{"start":{"line":998,"column":8},"end":{"line":998,"column":8}},{"start":{"line":998,"column":8},"end":{"line":998,"column":8}}]},"48":{"line":1002,"type":"if","locations":[{"start":{"line":1002,"column":8},"end":{"line":1002,"column":8}},{"start":{"line":1002,"column":8},"end":{"line":1002,"column":8}}]},"49":{"line":1030,"type":"if","locations":[{"start":{"line":1030,"column":8},"end":{"line":1030,"column":8}},{"start":{"line":1030,"column":8},"end":{"line":1030,"column":8}}]},"50":{"line":1033,"type":"if","locations":[{"start":{"line":1033,"column":8},"end":{"line":1033,"column":8}},{"start":{"line":1033,"column":8},"end":{"line":1033,"column":8}}]},"51":{"line":1041,"type":"if","locations":[{"start":{"line":1041,"column":8},"end":{"line":1041,"column":8}},{"start":{"line":1041,"column":8},"end":{"line":1041,"column":8}}]},"52":{"line":1076,"type":"if","locations":[{"start":{"line":1076,"column":8},"end":{"line":1076,"column":8}},{"start":{"line":1076,"column":8},"end":{"line":1076,"column":8}}]}}},
"contracts/ARC/AlloyERC721V2.sol":{"l":{"225":3,"226":3,"227":3,"229":3,"230":3,"232":3,"233":3,"235":3,"238":3,"240":3,"247":4,"251":4,"266":4,"267":4,"268":4,"285":0,"286":0,"311":1,"312":1,"313":1,"314":1,"315":1,"316":1,"334":3,"345":3,"365":3,"374":3,"375":3,"379":3,"381":3,"382":3,"383":3,"385":3,"386":3,"389":3,"390":3,"395":0,"402":0,"408":0,"417":3,"423":3,"451":1,"462":1,"464":1,"465":1,"468":1,"469":0,"475":1,"498":1,"499":1,"504":1,"512":1,"513":1,"516":1,"517":1,"518":1,"520":1,"541":1,"546":1,"554":1,"557":1,"558":1,"559":1,"561":1,"579":1,"580":1,"581":1,"587":1,"597":0,"601":0,"617":2},"path":"/home/swatimalode/Documents/Alloy/audit/smartcontract/contracts/ARC/AlloyERC721V2.sol","s":{"1":3,"2":3,"3":3,"4":4,"5":4,"6":4,"7":3,"8":3,"9":3,"10":3,"11":3,"12":3,"13":3,"14":3,"15":3,"16":0,"17":0,"18":0,"19":3,"20":3,"21":1,"22":1,"23":1,"24":1,"25":0,"26":1,"27":1,"28":1,"29":1,"30":1,"31":1,"32":1,"33":1,"34":1,"35":1,"36":1,"37":1,"38":1,"39":1,"40":1,"41":1,"42":1,"43":1,"44":1,"45":0,"46":0},"b":{"1":[3,0],"2":[4,0],"3":[4,0],"4":[0,0],"5":[1,0],"6":[3,0],"7":[3,0],"8":[3,0],"9":[1,1],"10":[1,1],"11":[3,0],"12":[3,0],"13":[0,3],"14":[1,0],"15":[1,0],"16":[1,0],"17":[0,1],"18":[0,0],"19":[1,0],"20":[1,0],"21":[1,0],"22":[1,0],"23":[1,0],"24":[1,0],"25":[1,0],"26":[0,0],"27":[0,1],"28":[0,0]},"f":{"1":3,"2":4,"3":4,"4":0,"5":1,"6":3,"7":1,"8":1,"9":1,"10":1,"11":0,"12":2},"fnMap":{"1":{"name":"initialize","line":224,"loc":{"start":{"line":224,"column":4},"end":{"line":241,"column":4}}},"2":{"name":"onlyMaster","line":246,"loc":{"start":{"line":246,"column":4},"end":{"line":252,"column":4}}},"3":{"name":"mintARC","line":265,"loc":{"start":{"line":263,"column":4},"end":{"line":269,"column":4}}},"4":{"name":"upadateDefaultUri","line":284,"loc":{"start":{"line":281,"column":4},"end":{"line":287,"column":4}}},"5":{"name":"updateMerchantWalletAndNiozAddress","line":310,"loc":{"start":{"line":303,"column":4},"end":{"line":317,"column":4}}},"6":{"name":"mintPrinterARC","line":333,"loc":{"start":{"line":330,"column":4},"end":{"line":434,"column":4}}},"7":{"name":"sellProcessedPart","line":450,"loc":{"start":{"line":447,"column":4},"end":{"line":484,"column":4}}},"8":{"name":"buy","line":497,"loc":{"start":{"line":494,"column":4},"end":{"line":527,"column":4}}},"9":{"name":"buyOffChain","line":540,"loc":{"start":{"line":537,"column":4},"end":{"line":568,"column":4}}},"10":{"name":"burnTokens","line":578,"loc":{"start":{"line":578,"column":4},"end":{"line":589,"column":4}}},"11":{"name":"tokenURI","line":594,"loc":{"start":{"line":594,"column":4},"end":{"line":609,"column":4}}},"12":{"name":"feeCalculation","line":614,"loc":{"start":{"line":614,"column":4},"end":{"line":618,"column":4}}}},"statementMap":{"1":{"start":{"line":225,"column":8},"end":{"line":225,"column":45}},"2":{"start":{"line":226,"column":8},"end":{"line":226,"column":23}},"3":{"start":{"line":227,"column":8},"end":{"line":227,"column":31}},"4":{"start":{"line":247,"column":8},"end":{"line":247,"column":6085}},"5":{"start":{"line":267,"column":8},"end":{"line":267,"column":34}},"6":{"start":{"line":268,"column":8},"end":{"line":268,"column":27}},"7":{"start":{"line":334,"column":8},"end":{"line":334,"column":8476}},"8":{"start":{"line":345,"column":8},"end":{"line":345,"column":8874}},"9":{"start":{"line":365,"column":8},"end":{"line":365,"column":9760}},"10":{"start":{"line":374,"column":8},"end":{"line":374,"column":29}},"11":{"start":{"line":375,"column":8},"end":{"line":375,"column":10046}},"12":{"start":{"line":381,"column":8},"end":{"line":381,"column":10214}},"13":{"start":{"line":385,"column":12},"end":{"line":385,"column":46}},"14":{"start":{"line":389,"column":8},"end":{"line":389,"column":50}},"15":{"start":{"line":390,"column":8},"end":{"line":390,"column":10499}},"16":{"start":{"line":395,"column":12},"end":{"line":395,"column":10657}},"17":{"start":{"line":402,"column":12},"end":{"line":402,"column":10907}},"18":{"start":{"line":408,"column":12},"end":{"line":408,"column":11125}},"19":{"start":{"line":417,"column":8},"end":{"line":417,"column":11382}},"20":{"start":{"line":423,"column":8},"end":{"line":423,"column":11519}},"21":{"start":{"line":451,"column":8},"end":{"line":451,"column":12230}},"22":{"start":{"line":464,"column":8},"end":{"line":464,"column":12667}},"23":{"start":{"line":465,"column":12},"end":{"line":465,"column":59}},"24":{"start":{"line":468,"column":8},"end":{"line":468,"column":12777}},"25":{"start":{"line":469,"column":12},"end":{"line":469,"column":12823}},"26":{"start":{"line":475,"column":8},"end":{"line":475,"column":12968}},"27":{"start":{"line":498,"column":8},"end":{"line":498,"column":50}},"28":{"start":{"line":499,"column":8},"end":{"line":499,"column":13583}},"29":{"start":{"line":504,"column":8},"end":{"line":504,"column":13758}},"30":{"start":{"line":512,"column":8},"end":{"line":512,"column":62}},"31":{"start":{"line":516,"column":8},"end":{"line":516,"column":47}},"32":{"start":{"line":517,"column":8},"end":{"line":517,"column":44}},"33":{"start":{"line":518,"column":8},"end":{"line":518,"column":55}},"34":{"start":{"line":520,"column":8},"end":{"line":520,"column":14335}},"35":{"start":{"line":541,"column":8},"end":{"line":541,"column":14862}},"36":{"start":{"line":546,"column":8},"end":{"line":546,"column":15044}},"37":{"start":{"line":557,"column":8},"end":{"line":557,"column":47}},"38":{"start":{"line":558,"column":8},"end":{"line":558,"column":44}},"39":{"start":{"line":559,"column":8},"end":{"line":559,"column":62}},"40":{"start":{"line":561,"column":8},"end":{"line":561,"column":15563}},"41":{"start":{"line":579,"column":8},"end":{"line":579,"column":81}},"42":{"start":{"line":580,"column":8},"end":{"line":580,"column":16150}},"43":{"start":{"line":581,"column":12},"end":{"line":581,"column":16215}},"44":{"start":{"line":587,"column":12},"end":{"line":587,"column":30}},"45":{"start":{"line":597,"column":8},"end":{"line":597,"column":16703}},"46":{"start":{"line":601,"column":8},"end":{"line":601,"column":16826}}},"branchMap":{"1":{"line":224,"type":"if","locations":[{"start":{"line":224,"column":33},"end":{"line":224,"column":33}},{"start":{"line":224,"column":33},"end":{"line":224,"column":33}}]},"2":{"line":247,"type":"if","locations":[{"start":{"line":247,"column":8},"end":{"line":247,"column":8}},{"start":{"line":247,"column":8},"end":{"line":247,"column":8}}]},"3":{"line":265,"type":"if","locations":[{"start":{"line":265,"column":23},"end":{"line":265,"column":23}},{"start":{"line":265,"column":23},"end":{"line":265,"column":23}}]},"4":{"line":284,"type":"if","locations":[{"start":{"line":284,"column":23},"end":{"line":284,"column":23}},{"start":{"line":284,"column":23},"end":{"line":284,"column":23}}]},"5":{"line":310,"type":"if","locations":[{"start":{"line":310,"column":23},"end":{"line":310,"column":23}},{"start":{"line":310,"column":23},"end":{"line":310,"column":23}}]},"6":{"line":333,"type":"if","locations":[{"start":{"line":333,"column":31},"end":{"line":333,"column":31}},{"start":{"line":333,"column":31},"end":{"line":333,"column":31}}]},"7":{"line":334,"type":"if","locations":[{"start":{"line":334,"column":8},"end":{"line":334,"column":8}},{"start":{"line":334,"column":8},"end":{"line":334,"column":8}}]},"8":{"line":345,"type":"if","locations":[{"start":{"line":345,"column":8},"end":{"line":345,"column":8}},{"start":{"line":345,"column":8},"end":{"line":345,"column":8}}]},"9":{"line":353,"type":"cond-expr","locations":[{"start":{"line":353,"column":17},"end":{"line":353,"column":36}},{"start":{"line":354,"column":20},"end":{"line":354,"column":39}}]},"10":{"line":353,"type":"cond-expr","locations":[{"start":{"line":353,"column":17},"end":{"line":354,"column":39}},{"start":{"line":355,"column":20},"end":{"line":355,"column":39}}]},"11":{"line":365,"type":"if","locations":[{"start":{"line":365,"column":8},"end":{"line":365,"column":8}},{"start":{"line":365,"column":8},"end":{"line":365,"column":8}}]},"12":{"line":375,"type":"if","locations":[{"start":{"line":375,"column":8},"end":{"line":375,"column":8}},{"start":{"line":375,"column":8},"end":{"line":375,"column":8}}]},"13":{"line":390,"type":"if","locations":[{"start":{"line":390,"column":8},"end":{"line":390,"column":8}},{"start":{"line":390,"column":8},"end":{"line":390,"column":8}}]},"14":{"line":450,"type":"if","locations":[{"start":{"line":450,"column":23},"end":{"line":450,"column":23}},{"start":{"line":450,"column":23},"end":{"line":450,"column":23}}]},"15":{"line":451,"type":"if","locations":[{"start":{"line":451,"column":8},"end":{"line":451,"column":8}},{"start":{"line":451,"column":8},"end":{"line":451,"column":8}}]},"16":{"line":464,"type":"if","locations":[{"start":{"line":464,"column":8},"end":{"line":464,"column":8}},{"start":{"line":464,"column":8},"end":{"line":464,"column":8}}]},"17":{"line":468,"type":"if","locations":[{"start":{"line":468,"column":8},"end":{"line":468,"column":8}},{"start":{"line":468,"column":8},"end":{"line":468,"column":8}}]},"18":{"line":469,"type":"if","locations":[{"start":{"line":469,"column":12},"end":{"line":469,"column":12}},{"start":{"line":469,"column":12},"end":{"line":469,"column":12}}]},"19":{"line":497,"type":"if","locations":[{"start":{"line":497,"column":31},"end":{"line":497,"column":31}},{"start":{"line":497,"column":31},"end":{"line":497,"column":31}}]},"20":{"line":499,"type":"if","locations":[{"start":{"line":499,"column":8},"end":{"line":499,"column":8}},{"start":{"line":499,"column":8},"end":{"line":499,"column":8}}]},"21":{"line":504,"type":"if","locations":[{"start":{"line":504,"column":8},"end":{"line":504,"column":8}},{"start":{"line":504,"column":8},"end":{"line":504,"column":8}}]},"22":{"line":540,"type":"if","locations":[{"start":{"line":540,"column":31},"end":{"line":540,"column":31}},{"start":{"line":540,"column":31},"end":{"line":540,"column":31}}]},"23":{"line":541,"type":"if","locations":[{"start":{"line":541,"column":8},"end":{"line":541,"column":8}},{"start":{"line":541,"column":8},"end":{"line":541,"column":8}}]},"24":{"line":546,"type":"if","locations":[{"start":{"line":546,"column":8},"end":{"line":546,"column":8}},{"start":{"line":546,"column":8},"end":{"line":546,"column":8}}]},"25":{"line":581,"type":"if","locations":[{"start":{"line":581,"column":12},"end":{"line":581,"column":12}},{"start":{"line":581,"column":12},"end":{"line":581,"column":12}}]},"26":{"line":582,"type":"cond-expr","locations":[{"start":{"line":582,"column":16},"end":{"line":582,"column":50}},{"start":{"line":583,"column":20},"end":{"line":583,"column":40}}]},"27":{"line":582,"type":"cond-expr","locations":[{"start":{"line":582,"column":16},"end":{"line":583,"column":40}},{"start":{"line":584,"column":20},"end":{"line":584,"column":58}}]},"28":{"line":597,"type":"if","locations":[{"start":{"line":597,"column":8},"end":{"line":597,"column":8}},{"start":{"line":597,"column":8},"end":{"line":597,"column":8}}]}}},
"contracts/ARC/ArfInterface.sol":{"l":{},"path":"/home/swatimalode/Documents/Alloy/audit/smartcontract/contracts/ARC/ArfInterface.sol","s":{},"b":{},"f":{},"fnMap":{},"statementMap":{},"branchMap":{}},
"contracts/ARC/IERC20Upgradeable.sol":{"l":{},"path":"/home/swatimalode/Documents/Alloy/audit/smartcontract/contracts/ARC/IERC20Upgradeable.sol","s":{},"b":{},"f":{},"fnMap":{},"statementMap":{},"branchMap":{}},
"contracts/ARF/ArfERC721V1.sol":{"l":{"224":0,"225":0,"226":0,"228":0,"229":0,"231":0,"233":0,"244":0,"255":0,"256":0,"262":0,"265":0,"267":0,"271":0,"273":0,"291":0,"292":0,"310":0,"311":0,"331":0,"332":0,"333":0,"358":0,"359":0,"360":0,"362":0,"363":0,"387":0,"388":0,"389":0,"391":0,"392":0,"412":0,"413":0,"416":0,"435":0,"436":0,"439":0,"457":0,"458":0,"461":0,"480":0,"481":0,"483":0,"502":0,"503":0,"505":0,"524":0,"525":0,"527":0,"546":0,"547":0,"550":0,"573":0,"574":0,"575":0,"576":0,"577":0,"596":0,"600":0,"601":0,"613":0,"620":0,"624":0,"626":0,"627":0,"628":0,"630":0,"642":0,"649":0,"653":0,"654":0,"656":0,"658":0,"670":0,"677":0,"678":0,"682":0,"685":0,"686":0,"690":0,"693":0,"695":0,"697":0,"709":0,"716":0,"717":0,"721":0,"724":0,"725":0,"729":0,"732":0,"734":0,"735":0,"737":0,"749":0,"757":0,"762":0,"763":0,"765":0,"766":0,"767":0,"769":0,"771":0,"790":0,"801":0,"816":0,"817":0,"821":0,"823":0,"824":0,"825":0,"827":0,"828":0,"831":0,"832":0,"833":0,"838":0,"842":0,"849":0,"850":0,"853":0,"855":0,"881":0,"882":0,"893":0,"898":0,"899":0,"902":0,"903":0,"904":0,"906":0,"926":0,"935":0,"940":0,"941":0,"943":0,"944":0,"946":0,"947":0,"948":0,"950":0,"964":0,"972":0,"973":0,"974":0,"975":0,"980":0,"985":0,"987":0,"988":0,"989":0,"990":0,"992":0,"993":0,"994":0,"997":0,"1016":0,"1020":0,"1038":0},"path":"/home/swatimalode/Documents/Alloy/audit/smartcontract/contracts/ARF/ArfERC721V1.sol","s":{"1":0,"2":0,"3":0,"4":0,"5":0,"6":0,"7":0,"8":0,"9":0,"10":0,"11":0,"12":0,"13":0,"14":0,"15":0,"16":0,"17":0,"18":0,"19":0,"20":0,"21":0,"22":0,"23":0,"24":0,"25":0,"26":0,"27":0,"28":0,"29":0,"30":0,"31":0,"32":0,"33":0,"34":0,"35":0,"36":0,"37":0,"38":0,"39":0,"40":0,"41":0,"42":0,"43":0,"44":0,"45":0,"46":0,"47":0,"48":0,"49":0,"50":0,"51":0,"52":0,"53":0,"54":0,"55":0,"56":0,"57":0,"58":0,"59":0,"60":0,"61":0,"62":0,"63":0,"64":0,"65":0,"66":0,"67":0,"68":0,"69":0,"70":0,"71":0,"72":0,"73":0,"74":0,"75":0,"76":0,"77":0,"78":0,"79":0,"80":0,"81":0,"82":0,"83":0,"84":0,"85":0,"86":0,"87":0,"88":0,"89":0,"90":0,"91":0,"92":0},"b":{"1":[0,0],"2":[0,0],"3":[0,0],"4":[0,0],"5":[0,0],"6":[0,0],"7":[0,0],"8":[0,0],"9":[0,0],"10":[0,0],"11":[0,0],"12":[0,0],"13":[0,0],"14":[0,0],"15":[0,0],"16":[0,0],"17":[0,0],"18":[0,0],"19":[0,0],"20":[0,0],"21":[0,0],"22":[0,0],"23":[0,0],"24":[0,0],"25":[0,0],"26":[0,0],"27":[0,0],"28":[0,0],"29":[0,0],"30":[0,0],"31":[0,0],"32":[0,0],"33":[0,0],"34":[0,0],"35":[0,0],"36":[0,0],"37":[0,0],"38":[0,0],"39":[0,0],"40":[0,0],"41":[0,0],"42":[0,0],"43":[0,0],"44":[0,0],"45":[0,0],"46":[0,0],"47":[0,0],"48":[0,0]},"f":{"1":0,"2":0,"3":0,"4":0,"5":0,"6":0,"7":0,"8":0,"9":0,"10":0,"11":0,"12":0,"13":0,"14":0,"15":0,"16":0,"17":0,"18":0,"19":0,"20":0,"21":0,"22":0,"23":0,"24":0,"25":0,"26":0},"fnMap":{"1":{"name":"initialize","line":223,"loc":{"start":{"line":223,"column":4},"end":{"line":274,"column":4}}},"2":{"name":"upadateDefaultUri","line":289,"loc":{"start":{"line":286,"column":4},"end":{"line":293,"column":4}}},"3":{"name":"updateEpochStatus","line":308,"loc":{"start":{"line":305,"column":4},"end":{"line":313,"column":4}}},"4":{"name":"updateEpochDetails","line":330,"loc":{"start":{"line":326,"column":4},"end":{"line":335,"column":4}}},"5":{"name":"updateARCPoolDetails","line":357,"loc":{"start":{"line":351,"column":4},"end":{"line":365,"column":4}}},"6":{"name":"updateARFPoolDetails","line":386,"loc":{"start":{"line":380,"column":4},"end":{"line":394,"column":4}}},"7":{"name":"whitelistARFAddresses","line":410,"loc":{"start":{"line":407,"column":4},"end":{"line":417,"column":4}}},"8":{"name":"whitelistARCAddresses","line":433,"loc":{"start":{"line":430,"column":4},"end":{"line":440,"column":4}}},"9":{"name":"whitelistAddressesEggnite","line":456,"loc":{"start":{"line":453,"column":4},"end":{"line":462,"column":4}}},"10":{"name":"whitelistARFReserves","line":478,"loc":{"start":{"line":475,"column":4},"end":{"line":484,"column":4}}},"11":{"name":"whitelistARCReserves","line":500,"loc":{"start":{"line":497,"column":4},"end":{"line":506,"column":4}}},"12":{"name":"whitelistARFAlloyTeam","line":522,"loc":{"start":{"line":519,"column":4},"end":{"line":528,"column":4}}},"13":{"name":"whitelistARCAlloyTeam","line":544,"loc":{"start":{"line":541,"column":4},"end":{"line":551,"column":4}}},"14":{"name":"updateWallets","line":572,"loc":{"start":{"line":566,"column":4},"end":{"line":578,"column":4}}},"15":{"name":"updateCounter","line":591,"loc":{"start":{"line":591,"column":4},"end":{"line":602,"column":4}}},"16":{"name":"mintARF","line":612,"loc":{"start":{"line":612,"column":4},"end":{"line":631,"column":4}}},"17":{"name":"mintARC","line":641,"loc":{"start":{"line":641,"column":4},"end":{"line":659,"column":4}}},"18":{"name":"mintInternalARC","line":669,"loc":{"start":{"line":669,"column":4},"end":{"line":698,"column":4}}},"19":{"name":"mintInternalARF","line":708,"loc":{"start":{"line":708,"column":4},"end":{"line":738,"column":4}}},"20":{"name":"mintEggnite","line":748,"loc":{"start":{"line":748,"column":4},"end":{"line":772,"column":4}}},"21":{"name":"mintPrinterARF","line":789,"loc":{"start":{"line":785,"column":4},"end":{"line":865,"column":4}}},"22":{"name":"buy","line":879,"loc":{"start":{"line":875,"column":4},"end":{"line":913,"column":4}}},"23":{"name":"Joepegs","line":925,"loc":{"start":{"line":925,"column":4},"end":{"line":951,"column":4}}},"24":{"name":"JoepegsMultiple","line":963,"loc":{"start":{"line":963,"column":4},"end":{"line":1004,"column":4}}},"25":{"name":"tokenURI","line":1009,"loc":{"start":{"line":1009,"column":4},"end":{"line":1028,"column":4}}},"26":{"name":"feeCalculation","line":1033,"loc":{"start":{"line":1033,"column":4},"end":{"line":1039,"column":4}}}},"statementMap":{"1":{"start":{"line":224,"column":8},"end":{"line":224,"column":46}},"2":{"start":{"line":225,"column":8},"end":{"line":225,"column":23}},"3":{"start":{"line":226,"column":8},"end":{"line":226,"column":31}},"4":{"start":{"line":233,"column":8},"end":{"line":233,"column":6292}},"5":{"start":{"line":244,"column":8},"end":{"line":244,"column":6485}},"6":{"start":{"line":255,"column":8},"end":{"line":255,"column":6677}},"7":{"start":{"line":256,"column":12},"end":{"line":256,"column":6747}},"8":{"start":{"line":310,"column":8},"end":{"line":310,"column":8087}},"9":{"start":{"line":331,"column":8},"end":{"line":331,"column":8700}},"10":{"start":{"line":358,"column":8},"end":{"line":358,"column":9557}},"11":{"start":{"line":387,"column":8},"end":{"line":387,"column":10594}},"12":{"start":{"line":412,"column":8},"end":{"line":412,"column":11393}},"13":{"start":{"line":416,"column":8},"end":{"line":416,"column":53}},"14":{"start":{"line":435,"column":8},"end":{"line":435,"column":11972}},"15":{"start":{"line":439,"column":8},"end":{"line":439,"column":53}},"16":{"start":{"line":457,"column":8},"end":{"line":457,"column":12549}},"17":{"start":{"line":461,"column":8},"end":{"line":461,"column":57}},"18":{"start":{"line":480,"column":8},"end":{"line":480,"column":13136}},"19":{"start":{"line":483,"column":9},"end":{"line":483,"column":55}},"20":{"start":{"line":502,"column":8},"end":{"line":502,"column":13716}},"21":{"start":{"line":505,"column":8},"end":{"line":505,"column":54}},"22":{"start":{"line":524,"column":8},"end":{"line":524,"column":14298}},"23":{"start":{"line":527,"column":9},"end":{"line":527,"column":57}},"24":{"start":{"line":546,"column":8},"end":{"line":546,"column":14885}},"25":{"start":{"line":550,"column":8},"end":{"line":550,"column":56}},"26":{"start":{"line":596,"column":8},"end":{"line":596,"column":16351}},"27":{"start":{"line":613,"column":8},"end":{"line":613,"column":16841}},"28":{"start":{"line":620,"column":8},"end":{"line":620,"column":17075}},"29":{"start":{"line":627,"column":8},"end":{"line":627,"column":38}},"30":{"start":{"line":630,"column":8},"end":{"line":630,"column":51}},"31":{"start":{"line":642,"column":8},"end":{"line":642,"column":17660}},"32":{"start":{"line":649,"column":8},"end":{"line":649,"column":17894}},"33":{"start":{"line":656,"column":8},"end":{"line":656,"column":56}},"34":{"start":{"line":658,"column":8},"end":{"line":658,"column":46}},"35":{"start":{"line":670,"column":8},"end":{"line":670,"column":18536}},"36":{"start":{"line":677,"column":8},"end":{"line":677,"column":18842}},"37":{"start":{"line":678,"column":12},"end":{"line":678,"column":18879}},"38":{"start":{"line":685,"column":8},"end":{"line":685,"column":19076}},"39":{"start":{"line":686,"column":12},"end":{"line":686,"column":19113}},"40":{"start":{"line":695,"column":8},"end":{"line":695,"column":56}},"41":{"start":{"line":697,"column":8},"end":{"line":697,"column":56}},"42":{"start":{"line":709,"column":8},"end":{"line":709,"column":19798}},"43":{"start":{"line":716,"column":8},"end":{"line":716,"column":20104}},"44":{"start":{"line":717,"column":12},"end":{"line":717,"column":20141}},"45":{"start":{"line":724,"column":8},"end":{"line":724,"column":20338}},"46":{"start":{"line":725,"column":12},"end":{"line":725,"column":20375}},"47":{"start":{"line":735,"column":8},"end":{"line":735,"column":38}},"48":{"start":{"line":737,"column":8},"end":{"line":737,"column":68}},"49":{"start":{"line":749,"column":8},"end":{"line":749,"column":21026}},"50":{"start":{"line":757,"column":8},"end":{"line":757,"column":21366}},"51":{"start":{"line":762,"column":8},"end":{"line":762,"column":51}},"52":{"start":{"line":766,"column":8},"end":{"line":766,"column":38}},"53":{"start":{"line":771,"column":8},"end":{"line":771,"column":60}},"54":{"start":{"line":790,"column":8},"end":{"line":790,"column":22260}},"55":{"start":{"line":801,"column":8},"end":{"line":801,"column":22653}},"56":{"start":{"line":816,"column":8},"end":{"line":816,"column":29}},"57":{"start":{"line":817,"column":8},"end":{"line":817,"column":23345}},"58":{"start":{"line":823,"column":8},"end":{"line":823,"column":23513}},"59":{"start":{"line":827,"column":12},"end":{"line":827,"column":46}},"60":{"start":{"line":831,"column":8},"end":{"line":831,"column":50}},"61":{"start":{"line":832,"column":8},"end":{"line":832,"column":23798}},"62":{"start":{"line":833,"column":12},"end":{"line":833,"column":23884}},"63":{"start":{"line":838,"column":12},"end":{"line":838,"column":24076}},"64":{"start":{"line":842,"column":12},"end":{"line":842,"column":24236}},"65":{"start":{"line":855,"column":8},"end":{"line":855,"column":24668}},"66":{"start":{"line":881,"column":8},"end":{"line":881,"column":50}},"67":{"start":{"line":882,"column":8},"end":{"line":882,"column":25345}},"68":{"start":{"line":893,"column":8},"end":{"line":893,"column":25742}},"69":{"start":{"line":898,"column":8},"end":{"line":898,"column":62}},"70":{"start":{"line":902,"column":8},"end":{"line":902,"column":47}},"71":{"start":{"line":903,"column":8},"end":{"line":903,"column":44}},"72":{"start":{"line":904,"column":8},"end":{"line":904,"column":55}},"73":{"start":{"line":906,"column":8},"end":{"line":906,"column":26153}},"74":{"start":{"line":926,"column":8},"end":{"line":926,"column":26605}},"75":{"start":{"line":935,"column":8},"end":{"line":935,"column":26944}},"76":{"start":{"line":940,"column":8},"end":{"line":940,"column":77}},"77":{"start":{"line":941,"column":8},"end":{"line":941,"column":42}},"78":{"start":{"line":943,"column":8},"end":{"line":943,"column":56}},"79":{"start":{"line":946,"column":8},"end":{"line":946,"column":38}},"80":{"start":{"line":950,"column":8},"end":{"line":950,"column":76}},"81":{"start":{"line":964,"column":8},"end":{"line":964,"column":27829}},"82":{"start":{"line":972,"column":8},"end":{"line":972,"column":69}},"83":{"start":{"line":973,"column":8},"end":{"line":973,"column":69}},"84":{"start":{"line":974,"column":8},"end":{"line":974,"column":28349}},"85":{"start":{"line":975,"column":12},"end":{"line":975,"column":28414}},"86":{"start":{"line":980,"column":12},"end":{"line":980,"column":28565}},"87":{"start":{"line":985,"column":12},"end":{"line":985,"column":49}},"88":{"start":{"line":987,"column":12},"end":{"line":987,"column":60}},"89":{"start":{"line":992,"column":12},"end":{"line":992,"column":42}},"90":{"start":{"line":997,"column":8},"end":{"line":997,"column":29095}},"91":{"start":{"line":1016,"column":8},"end":{"line":1016,"column":29493}},"92":{"start":{"line":1020,"column":8},"end":{"line":1020,"column":29616}}},"branchMap":{"1":{"line":223,"type":"if","locations":[{"start":{"line":223,"column":33},"end":{"line":223,"column":33}},{"start":{"line":223,"column":33},"end":{"line":223,"column":33}}]},"2":{"line":289,"type":"if","locations":[{"start":{"line":289,"column":8},"end":{"line":289,"column":8}},{"start":{"line":289,"column":8},"end":{"line":289,"column":8}}]},"3":{"line":308,"type":"if","locations":[{"start":{"line":308,"column":8},"end":{"line":308,"column":8}},{"start":{"line":308,"column":8},"end":{"line":308,"column":8}}]},"4":{"line":330,"type":"if","locations":[{"start":{"line":330,"column":23},"end":{"line":330,"column":23}},{"start":{"line":330,"column":23},"end":{"line":330,"column":23}}]},"5":{"line":357,"type":"if","locations":[{"start":{"line":357,"column":23},"end":{"line":357,"column":23}},{"start":{"line":357,"column":23},"end":{"line":357,"column":23}}]},"6":{"line":386,"type":"if","locations":[{"start":{"line":386,"column":23},"end":{"line":386,"column":23}},{"start":{"line":386,"column":23},"end":{"line":386,"column":23}}]},"7":{"line":410,"type":"if","locations":[{"start":{"line":410,"column":8},"end":{"line":410,"column":8}},{"start":{"line":410,"column":8},"end":{"line":410,"column":8}}]},"8":{"line":433,"type":"if","locations":[{"start":{"line":433,"column":8},"end":{"line":433,"column":8}},{"start":{"line":433,"column":8},"end":{"line":433,"column":8}}]},"9":{"line":456,"type":"if","locations":[{"start":{"line":456,"column":23},"end":{"line":456,"column":23}},{"start":{"line":456,"column":23},"end":{"line":456,"column":23}}]},"10":{"line":478,"type":"if","locations":[{"start":{"line":478,"column":8},"end":{"line":478,"column":8}},{"start":{"line":478,"column":8},"end":{"line":478,"column":8}}]},"11":{"line":500,"type":"if","locations":[{"start":{"line":500,"column":8},"end":{"line":500,"column":8}},{"start":{"line":500,"column":8},"end":{"line":500,"column":8}}]},"12":{"line":522,"type":"if","locations":[{"start":{"line":522,"column":8},"end":{"line":522,"column":8}},{"start":{"line":522,"column":8},"end":{"line":522,"column":8}}]},"13":{"line":544,"type":"if","locations":[{"start":{"line":544,"column":8},"end":{"line":544,"column":8}},{"start":{"line":544,"column":8},"end":{"line":544,"column":8}}]},"14":{"line":572,"type":"if","locations":[{"start":{"line":572,"column":15},"end":{"line":572,"column":15}},{"start":{"line":572,"column":15},"end":{"line":572,"column":15}}]},"15":{"line":596,"type":"if","locations":[{"start":{"line":596,"column":8},"end":{"line":596,"column":8}},{"start":{"line":596,"column":8},"end":{"line":596,"column":8}}]},"16":{"line":613,"type":"if","locations":[{"start":{"line":613,"column":8},"end":{"line":613,"column":8}},{"start":{"line":613,"column":8},"end":{"line":613,"column":8}}]},"17":{"line":620,"type":"if","locations":[{"start":{"line":620,"column":8},"end":{"line":620,"column":8}},{"start":{"line":620,"column":8},"end":{"line":620,"column":8}}]},"18":{"line":642,"type":"if","locations":[{"start":{"line":642,"column":8},"end":{"line":642,"column":8}},{"start":{"line":642,"column":8},"end":{"line":642,"column":8}}]},"19":{"line":649,"type":"if","locations":[{"start":{"line":649,"column":8},"end":{"line":649,"column":8}},{"start":{"line":649,"column":8},"end":{"line":649,"column":8}}]},"20":{"line":670,"type":"if","locations":[{"start":{"line":670,"column":8},"end":{"line":670,"column":8}},{"start":{"line":670,"column":8},"end":{"line":670,"column":8}}]},"21":{"line":674,"type":"cond-expr","locations":[{"start":{"line":674,"column":17},"end":{"line":674,"column":29}},{"start":{"line":674,"column":34},"end":{"line":674,"column":46}}]},"22":{"line":677,"type":"if","locations":[{"start":{"line":677,"column":8},"end":{"line":677,"column":8}},{"start":{"line":677,"column":8},"end":{"line":677,"column":8}}]},"23":{"line":678,"type":"if","locations":[{"start":{"line":678,"column":12},"end":{"line":678,"column":12}},{"start":{"line":678,"column":12},"end":{"line":678,"column":12}}]},"24":{"line":685,"type":"if","locations":[{"start":{"line":685,"column":8},"end":{"line":685,"column":8}},{"start":{"line":685,"column":8},"end":{"line":685,"column":8}}]},"25":{"line":686,"type":"if","locations":[{"start":{"line":686,"column":12},"end":{"line":686,"column":12}},{"start":{"line":686,"column":12},"end":{"line":686,"column":12}}]},"26":{"line":709,"type":"if","locations":[{"start":{"line":709,"column":8},"end":{"line":709,"column":8}},{"start":{"line":709,"column":8},"end":{"line":709,"column":8}}]},"27":{"line":713,"type":"cond-expr","locations":[{"start":{"line":713,"column":17},"end":{"line":713,"column":29}},{"start":{"line":713,"column":34},"end":{"line":713,"column":46}}]},"28":{"line":716,"type":"if","locations":[{"start":{"line":716,"column":8},"end":{"line":716,"column":8}},{"start":{"line":716,"column":8},"end":{"line":716,"column":8}}]},"29":{"line":717,"type":"if","locations":[{"start":{"line":717,"column":12},"end":{"line":717,"column":12}},{"start":{"line":717,"column":12},"end":{"line":717,"column":12}}]},"30":{"line":724,"type":"if","locations":[{"start":{"line":724,"column":8},"end":{"line":724,"column":8}},{"start":{"line":724,"column":8},"end":{"line":724,"column":8}}]},"31":{"line":725,"type":"if","locations":[{"start":{"line":725,"column":12},"end":{"line":725,"column":12}},{"start":{"line":725,"column":12},"end":{"line":725,"column":12}}]},"32":{"line":749,"type":"if","locations":[{"start":{"line":749,"column":8},"end":{"line":749,"column":8}},{"start":{"line":749,"column":8},"end":{"line":749,"column":8}}]},"33":{"line":757,"type":"if","locations":[{"start":{"line":757,"column":8},"end":{"line":757,"column":8}},{"start":{"line":757,"column":8},"end":{"line":757,"column":8}}]},"34":{"line":789,"type":"if","locations":[{"start":{"line":789,"column":31},"end":{"line":789,"column":31}},{"start":{"line":789,"column":31},"end":{"line":789,"column":31}}]},"35":{"line":790,"type":"if","locations":[{"start":{"line":790,"column":8},"end":{"line":790,"column":8}},{"start":{"line":790,"column":8},"end":{"line":790,"column":8}}]},"36":{"line":801,"type":"if","locations":[{"start":{"line":801,"column":8},"end":{"line":801,"column":8}},{"start":{"line":801,"column":8},"end":{"line":801,"column":8}}]},"37":{"line":806,"type":"cond-expr","locations":[{"start":{"line":806,"column":17},"end":{"line":806,"column":36}},{"start":{"line":807,"column":20},"end":{"line":807,"column":39}}]},"38":{"line":806,"type":"cond-expr","locations":[{"start":{"line":806,"column":17},"end":{"line":807,"column":39}},{"start":{"line":808,"column":20},"end":{"line":808,"column":39}}]},"39":{"line":817,"type":"if","locations":[{"start":{"line":817,"column":8},"end":{"line":817,"column":8}},{"start":{"line":817,"column":8},"end":{"line":817,"column":8}}]},"40":{"line":832,"type":"if","locations":[{"start":{"line":832,"column":8},"end":{"line":832,"column":8}},{"start":{"line":832,"column":8},"end":{"line":832,"column":8}}]},"41":{"line":879,"type":"if","locations":[{"start":{"line":879,"column":8},"end":{"line":879,"column":8}},{"start":{"line":879,"column":8},"end":{"line":879,"column":8}}]},"42":{"line":882,"type":"if","locations":[{"start":{"line":882,"column":8},"end":{"line":882,"column":8}},{"start":{"line":882,"column":8},"end":{"line":882,"column":8}}]},"43":{"line":893,"type":"if","locations":[{"start":{"line":893,"column":8},"end":{"line":893,"column":8}},{"start":{"line":893,"column":8},"end":{"line":893,"column":8}}]},"44":{"line":926,"type":"if","locations":[{"start":{"line":926,"column":8},"end":{"line":926,"column":8}},{"start":{"line":926,"column":8},"end":{"line":926,"column":8}}]},"45":{"line":935,"type":"if","locations":[{"start":{"line":935,"column":8},"end":{"line":935,"column":8}},{"start":{"line":935,"column":8},"end":{"line":935,"column":8}}]},"46":{"line":964,"type":"if","locations":[{"start":{"line":964,"column":8},"end":{"line":964,"column":8}},{"start":{"line":964,"column":8},"end":{"line":964,"column":8}}]},"47":{"line":975,"type":"if","locations":[{"start":{"line":975,"column":12},"end":{"line":975,"column":12}},{"start":{"line":975,"column":12},"end":{"line":975,"column":12}}]},"48":{"line":1016,"type":"if","locations":[{"start":{"line":1016,"column":8},"end":{"line":1016,"column":8}},{"start":{"line":1016,"column":8},"end":{"line":1016,"column":8}}]}}},
"contracts/ARF/ArfERC721V2.sol":{"l":{"234":3,"235":3,"236":3,"238":3,"239":3,"241":3,"243":3,"254":3,"265":3,"266":24,"272":24,"275":3,"277":3,"281":3,"299":0,"300":0,"318":8,"319":16,"339":0,"340":0,"341":0,"366":3,"367":12,"368":12,"370":12,"371":12,"395":3,"396":12,"397":12,"399":12,"400":12,"420":1,"421":2,"424":1,"443":1,"444":2,"447":1,"465":1,"466":2,"469":1,"488":1,"489":2,"491":1,"510":1,"511":2,"513":1,"532":1,"533":2,"535":1,"554":1,"555":2,"558":1,"583":1,"584":1,"585":1,"586":1,"587":1,"588":1,"607":3,"611":3,"612":3,"624":1,"631":1,"635":1,"637":1,"638":1,"639":1,"641":1,"653":1,"660":0,"664":0,"665":0,"667":0,"669":0,"681":2,"688":2,"689":1,"693":1,"696":2,"697":1,"701":1,"704":2,"706":2,"708":2,"720":2,"727":2,"728":1,"732":1,"735":2,"736":1,"740":1,"743":2,"745":2,"746":2,"748":2,"760":1,"768":1,"773":1,"774":1,"776":1,"777":1,"778":1,"780":1,"782":1,"801":3,"812":3,"827":3,"835":3,"836":3,"840":3,"842":3,"843":3,"844":3,"846":3,"847":3,"850":3,"851":3,"852":0,"857":0,"861":0,"868":3,"869":3,"872":3,"874":3,"900":1,"901":1,"912":1,"917":1,"918":1,"921":1,"922":1,"923":1,"925":1,"948":1,"959":1,"964":1,"967":1,"968":1,"969":1,"971":1,"990":1,"998":1,"999":1,"1000":1,"1001":1,"1006":1,"1007":1,"1011":1,"1017":1,"1018":1,"1019":1,"1020":1,"1022":1,"1023":1,"1024":1,"1027":1,"1046":0,"1050":0,"1068":2},"path":"/home/swatimalode/Documents/Alloy/audit/smartcontract/contracts/ARF/ArfERC721V2.sol","s":{"1":3,"2":3,"3":3,"4":3,"5":3,"6":3,"7":24,"8":8,"9":0,"10":3,"11":3,"12":1,"13":1,"14":1,"15":1,"16":1,"17":1,"18":1,"19":1,"20":1,"21":1,"22":1,"23":1,"24":1,"25":1,"26":3,"27":1,"28":1,"29":1,"30":1,"31":1,"32":0,"33":0,"34":0,"35":2,"36":2,"37":1,"38":2,"39":1,"40":2,"41":2,"42":2,"43":2,"44":1,"45":2,"46":1,"47":2,"48":2,"49":1,"50":1,"51":1,"52":1,"53":1,"54":3,"55":3,"56":3,"57":3,"58":3,"59":3,"60":3,"61":3,"62":3,"63":0,"64":0,"65":0,"66":3,"67":1,"68":1,"69":1,"70":1,"71":1,"72":1,"73":1,"74":1,"75":1,"76":1,"77":1,"78":1,"79":1,"80":1,"81":1,"82":1,"83":1,"84":1,"85":1,"86":1,"87":1,"88":1,"89":1,"90":1,"91":1,"92":0,"93":0},"b":{"1":[3,0],"2":[0,0],"3":[8,0],"4":[0,0],"5":[3,0],"6":[3,0],"7":[1,0],"8":[1,0],"9":[1,0],"10":[1,0],"11":[1,0],"12":[1,0],"13":[1,0],"14":[1,0],"15":[3,0],"16":[1,0],"17":[1,0],"18":[1,0],"19":[0,1],"20":[0,0],"21":[2,0],"22":[2,0],"23":[1,1],"24":[1,1],"25":[1,0],"26":[1,1],"27":[1,0],"28":[2,0],"29":[1,1],"30":[1,1],"31":[1,0],"32":[1,1],"33":[1,0],"34":[1,0],"35":[1,0],"36":[1,0],"37":[3,0],"38":[3,0],"39":[3,0],"40":[1,1],"41":[1,1],"42":[3,0],"43":[3,0],"44":[0,3],"45":[1,0],"46":[1,0],"47":[1,0],"48":[1,0],"49":[1,0],"50":[1,0],"51":[1,0],"52":[1,0],"53":[1,0],"54":[0,0]},"f":{"1":3,"2":0,"3":8,"4":0,"5":3,"6":3,"7":1,"8":1,"9":1,"10":1,"11":1,"12":1,"13":1,"14":1,"15":3,"16":1,"17":1,"18":2,"19":2,"20":1,"21":3,"22":1,"23":1,"24":1,"25":0,"26":2},"fnMap":{"1":{"name":"initialize","line":233,"loc":{"start":{"line":233,"column":4},"end":{"line":282,"column":4}}},"2":{"name":"upadateDefaultUri","line":297,"loc":{"start":{"line":294,"column":4},"end":{"line":301,"column":4}}},"3":{"name":"updateEpochStatus","line":316,"loc":{"start":{"line":313,"column":4},"end":{"line":321,"column":4}}},"4":{"name":"updateEpochDetails","line":338,"loc":{"start":{"line":334,"column":4},"end":{"line":343,"column":4}}},"5":{"name":"updateARCPoolDetails","line":365,"loc":{"start":{"line":359,"column":4},"end":{"line":373,"column":4}}},"6":{"name":"updateARFPoolDetails","line":394,"loc":{"start":{"line":388,"column":4},"end":{"line":402,"column":4}}},"7":{"name":"whitelistARFAddresses","line":418,"loc":{"start":{"line":415,"column":4},"end":{"line":425,"column":4}}},"8":{"name":"whitelistARCAddresses","line":441,"loc":{"start":{"line":438,"column":4},"end":{"line":448,"column":4}}},"9":{"name":"whitelistAddressesEggnite","line":464,"loc":{"start":{"line":461,"column":4},"end":{"line":470,"column":4}}},"10":{"name":"whitelistARFReserves","line":486,"loc":{"start":{"line":483,"column":4},"end":{"line":492,"column":4}}},"11":{"name":"whitelistARCReserves","line":508,"loc":{"start":{"line":505,"column":4},"end":{"line":514,"column":4}}},"12":{"name":"whitelistARFAlloyTeam","line":530,"loc":{"start":{"line":527,"column":4},"end":{"line":536,"column":4}}},"13":{"name":"whitelistARCAlloyTeam","line":552,"loc":{"start":{"line":549,"column":4},"end":{"line":559,"column":4}}},"14":{"name":"updateWallets","line":582,"loc":{"start":{"line":575,"column":4},"end":{"line":589,"column":4}}},"15":{"name":"updateCounter","line":602,"loc":{"start":{"line":602,"column":4},"end":{"line":613,"column":4}}},"16":{"name":"mintARF","line":623,"loc":{"start":{"line":623,"column":4},"end":{"line":642,"column":4}}},"17":{"name":"mintARC","line":652,"loc":{"start":{"line":652,"column":4},"end":{"line":670,"column":4}}},"18":{"name":"mintInternalARC","line":680,"loc":{"start":{"line":680,"column":4},"end":{"line":709,"column":4}}},"19":{"name":"mintInternalARF","line":719,"loc":{"start":{"line":719,"column":4},"end":{"line":749,"column":4}}},"20":{"name":"mintEggnite","line":759,"loc":{"start":{"line":759,"column":4},"end":{"line":783,"column":4}}},"21":{"name":"mintPrinterARF","line":800,"loc":{"start":{"line":796,"column":4},"end":{"line":884,"column":4}}},"22":{"name":"buy","line":898,"loc":{"start":{"line":894,"column":4},"end":{"line":932,"column":4}}},"23":{"name":"buyOffChain","line":946,"loc":{"start":{"line":942,"column":4},"end":{"line":977,"column":4}}},"24":{"name":"JoepegsMultiple","line":989,"loc":{"start":{"line":989,"column":4},"end":{"line":1034,"column":4}}},"25":{"name":"tokenURI","line":1039,"loc":{"start":{"line":1039,"column":4},"end":{"line":1058,"column":4}}},"26":{"name":"feeCalculation","line":1063,"loc":{"start":{"line":1063,"column":4},"end":{"line":1069,"column":4}}}},"statementMap":{"1":{"start":{"line":234,"column":8},"end":{"line":234,"column":46}},"2":{"start":{"line":235,"column":8},"end":{"line":235,"column":23}},"3":{"start":{"line":236,"column":8},"end":{"line":236,"column":31}},"4":{"start":{"line":243,"column":8},"end":{"line":243,"column":6515}},"5":{"start":{"line":254,"column":8},"end":{"line":254,"column":6708}},"6":{"start":{"line":265,"column":8},"end":{"line":265,"column":6900}},"7":{"start":{"line":266,"column":12},"end":{"line":266,"column":6970}},"8":{"start":{"line":318,"column":8},"end":{"line":318,"column":8226}},"9":{"start":{"line":339,"column":8},"end":{"line":339,"column":8839}},"10":{"start":{"line":366,"column":8},"end":{"line":366,"column":9696}},"11":{"start":{"line":395,"column":8},"end":{"line":395,"column":10733}},"12":{"start":{"line":420,"column":8},"end":{"line":420,"column":11532}},"13":{"start":{"line":424,"column":8},"end":{"line":424,"column":53}},"14":{"start":{"line":443,"column":8},"end":{"line":443,"column":12111}},"15":{"start":{"line":447,"column":8},"end":{"line":447,"column":53}},"16":{"start":{"line":465,"column":8},"end":{"line":465,"column":12688}},"17":{"start":{"line":469,"column":8},"end":{"line":469,"column":57}},"18":{"start":{"line":488,"column":8},"end":{"line":488,"column":13275}},"19":{"start":{"line":491,"column":9},"end":{"line":491,"column":55}},"20":{"start":{"line":510,"column":8},"end":{"line":510,"column":13855}},"21":{"start":{"line":513,"column":8},"end":{"line":513,"column":54}},"22":{"start":{"line":532,"column":8},"end":{"line":532,"column":14437}},"23":{"start":{"line":535,"column":9},"end":{"line":535,"column":57}},"24":{"start":{"line":554,"column":8},"end":{"line":554,"column":15024}},"25":{"start":{"line":558,"column":8},"end":{"line":558,"column":56}},"26":{"start":{"line":607,"column":8},"end":{"line":607,"column":16647}},"27":{"start":{"line":624,"column":8},"end":{"line":624,"column":17137}},"28":{"start":{"line":631,"column":8},"end":{"line":631,"column":17371}},"29":{"start":{"line":638,"column":8},"end":{"line":638,"column":38}},"30":{"start":{"line":641,"column":8},"end":{"line":641,"column":51}},"31":{"start":{"line":653,"column":8},"end":{"line":653,"column":17969}},"32":{"start":{"line":660,"column":8},"end":{"line":660,"column":18203}},"33":{"start":{"line":667,"column":8},"end":{"line":667,"column":56}},"34":{"start":{"line":669,"column":8},"end":{"line":669,"column":46}},"35":{"start":{"line":681,"column":8},"end":{"line":681,"column":18858}},"36":{"start":{"line":688,"column":8},"end":{"line":688,"column":19164}},"37":{"start":{"line":689,"column":12},"end":{"line":689,"column":19201}},"38":{"start":{"line":696,"column":8},"end":{"line":696,"column":19398}},"39":{"start":{"line":697,"column":12},"end":{"line":697,"column":19435}},"40":{"start":{"line":706,"column":8},"end":{"line":706,"column":56}},"41":{"start":{"line":708,"column":8},"end":{"line":708,"column":63}},"42":{"start":{"line":720,"column":8},"end":{"line":720,"column":20127}},"43":{"start":{"line":727,"column":8},"end":{"line":727,"column":20433}},"44":{"start":{"line":728,"column":12},"end":{"line":728,"column":20470}},"45":{"start":{"line":735,"column":8},"end":{"line":735,"column":20667}},"46":{"start":{"line":736,"column":12},"end":{"line":736,"column":20704}},"47":{"start":{"line":746,"column":8},"end":{"line":746,"column":38}},"48":{"start":{"line":748,"column":8},"end":{"line":748,"column":68}},"49":{"start":{"line":760,"column":8},"end":{"line":760,"column":21367}},"50":{"start":{"line":768,"column":8},"end":{"line":768,"column":21707}},"51":{"start":{"line":773,"column":8},"end":{"line":773,"column":51}},"52":{"start":{"line":777,"column":8},"end":{"line":777,"column":38}},"53":{"start":{"line":782,"column":8},"end":{"line":782,"column":60}},"54":{"start":{"line":801,"column":8},"end":{"line":801,"column":22601}},"55":{"start":{"line":812,"column":8},"end":{"line":812,"column":22994}},"56":{"start":{"line":827,"column":8},"end":{"line":827,"column":23655}},"57":{"start":{"line":835,"column":8},"end":{"line":835,"column":29}},"58":{"start":{"line":836,"column":8},"end":{"line":836,"column":23908}},"59":{"start":{"line":842,"column":8},"end":{"line":842,"column":24076}},"60":{"start":{"line":846,"column":12},"end":{"line":846,"column":46}},"61":{"start":{"line":850,"column":8},"end":{"line":850,"column":50}},"62":{"start":{"line":851,"column":8},"end":{"line":851,"column":24361}},"63":{"start":{"line":852,"column":12},"end":{"line":852,"column":24447}},"64":{"start":{"line":857,"column":12},"end":{"line":857,"column":24639}},"65":{"start":{"line":861,"column":12},"end":{"line":861,"column":24799}},"66":{"start":{"line":874,"column":8},"end":{"line":874,"column":25231}},"67":{"start":{"line":900,"column":8},"end":{"line":900,"column":50}},"68":{"start":{"line":901,"column":8},"end":{"line":901,"column":25908}},"69":{"start":{"line":912,"column":8},"end":{"line":912,"column":26305}},"70":{"start":{"line":917,"column":8},"end":{"line":917,"column":62}},"71":{"start":{"line":921,"column":8},"end":{"line":921,"column":47}},"72":{"start":{"line":922,"column":8},"end":{"line":922,"column":44}},"73":{"start":{"line":923,"column":8},"end":{"line":923,"column":55}},"74":{"start":{"line":925,"column":8},"end":{"line":925,"column":26716}},"75":{"start":{"line":948,"column":8},"end":{"line":948,"column":27248}},"76":{"start":{"line":959,"column":8},"end":{"line":959,"column":27652}},"77":{"start":{"line":967,"column":8},"end":{"line":967,"column":47}},"78":{"start":{"line":968,"column":8},"end":{"line":968,"column":44}},"79":{"start":{"line":969,"column":8},"end":{"line":969,"column":62}},"80":{"start":{"line":971,"column":8},"end":{"line":971,"column":28005}},"81":{"start":{"line":990,"column":8},"end":{"line":990,"column":28490}},"82":{"start":{"line":998,"column":8},"end":{"line":998,"column":69}},"83":{"start":{"line":999,"column":8},"end":{"line":999,"column":69}},"84":{"start":{"line":1000,"column":8},"end":{"line":1000,"column":29010}},"85":{"start":{"line":1001,"column":12},"end":{"line":1001,"column":29075}},"86":{"start":{"line":1006,"column":12},"end":{"line":1006,"column":84}},"87":{"start":{"line":1007,"column":12},"end":{"line":1007,"column":29313}},"88":{"start":{"line":1011,"column":12},"end":{"line":1011,"column":29467}},"89":{"start":{"line":1017,"column":12},"end":{"line":1017,"column":60}},"90":{"start":{"line":1022,"column":12},"end":{"line":1022,"column":42}},"91":{"start":{"line":1027,"column":8},"end":{"line":1027,"column":29986}},"92":{"start":{"line":1046,"column":8},"end":{"line":1046,"column":30384}},"93":{"start":{"line":1050,"column":8},"end":{"line":1050,"column":30507}}},"branchMap":{"1":{"line":233,"type":"if","locations":[{"start":{"line":233,"column":33},"end":{"line":233,"column":33}},{"start":{"line":233,"column":33},"end":{"line":233,"column":33}}]},"2":{"line":297,"type":"if","locations":[{"start":{"line":297,"column":8},"end":{"line":297,"column":8}},{"start":{"line":297,"column":8},"end":{"line":297,"column":8}}]},"3":{"line":316,"type":"if","locations":[{"start":{"line":316,"column":8},"end":{"line":316,"column":8}},{"start":{"line":316,"column":8},"end":{"line":316,"column":8}}]},"4":{"line":338,"type":"if","locations":[{"start":{"line":338,"column":23},"end":{"line":338,"column":23}},{"start":{"line":338,"column":23},"end":{"line":338,"column":23}}]},"5":{"line":365,"type":"if","locations":[{"start":{"line":365,"column":23},"end":{"line":365,"column":23}},{"start":{"line":365,"column":23},"end":{"line":365,"column":23}}]},"6":{"line":394,"type":"if","locations":[{"start":{"line":394,"column":23},"end":{"line":394,"column":23}},{"start":{"line":394,"column":23},"end":{"line":394,"column":23}}]},"7":{"line":418,"type":"if","locations":[{"start":{"line":418,"column":8},"end":{"line":418,"column":8}},{"start":{"line":418,"column":8},"end":{"line":418,"column":8}}]},"8":{"line":441,"type":"if","locations":[{"start":{"line":441,"column":8},"end":{"line":441,"column":8}},{"start":{"line":441,"column":8},"end":{"line":441,"column":8}}]},"9":{"line":464,"type":"if","locations":[{"start":{"line":464,"column":23},"end":{"line":464,"column":23}},{"start":{"line":464,"column":23},"end":{"line":464,"column":23}}]},"10":{"line":486,"type":"if","locations":[{"start":{"line":486,"column":8},"end":{"line":486,"column":8}},{"start":{"line":486,"column":8},"end":{"line":486,"column":8}}]},"11":{"line":508,"type":"if","locations":[{"start":{"line":508,"column":8},"end":{"line":508,"column":8}},{"start":{"line":508,"column":8},"end":{"line":508,"column":8}}]},"12":{"line":530,"type":"if","locations":[{"start":{"line":530,"column":8},"end":{"line":530,"column":8}},{"start":{"line":530,"column":8},"end":{"line":530,"column":8}}]},"13":{"line":552,"type":"if","locations":[{"start":{"line":552,"column":8},"end":{"line":552,"column":8}},{"start":{"line":552,"column":8},"end":{"line":552,"column":8}}]},"14":{"line":582,"type":"if","locations":[{"start":{"line":582,"column":15},"end":{"line":582,"column":15}},{"start":{"line":582,"column":15},"end":{"line":582,"column":15}}]},"15":{"line":607,"type":"if","locations":[{"start":{"line":607,"column":8},"end":{"line":607,"column":8}},{"start":{"line":607,"column":8},"end":{"line":607,"column":8}}]},"16":{"line":624,"type":"if","locations":[{"start":{"line":624,"column":8},"end":{"line":624,"column":8}},{"start":{"line":624,"column":8},"end":{"line":624,"column":8}}]},"17":{"line":631,"type":"if","locations":[{"start":{"line":631,"column":8},"end":{"line":631,"column":8}},{"start":{"line":631,"column":8},"end":{"line":631,"column":8}}]},"18":{"line":652,"type":"if","locations":[{"start":{"line":652,"column":40},"end":{"line":652,"column":40}},{"start":{"line":652,"column":40},"end":{"line":652,"column":40}}]},"19":{"line":653,"type":"if","locations":[{"start":{"line":653,"column":8},"end":{"line":653,"column":8}},{"start":{"line":653,"column":8},"end":{"line":653,"column":8}}]},"20":{"line":660,"type":"if","locations":[{"start":{"line":660,"column":8},"end":{"line":660,"column":8}},{"start":{"line":660,"column":8},"end":{"line":660,"column":8}}]},"21":{"line":680,"type":"if","locations":[{"start":{"line":680,"column":56},"end":{"line":680,"column":56}},{"start":{"line":680,"column":56},"end":{"line":680,"column":56}}]},"22":{"line":681,"type":"if","locations":[{"start":{"line":681,"column":8},"end":{"line":681,"column":8}},{"start":{"line":681,"column":8},"end":{"line":681,"column":8}}]},"23":{"line":685,"type":"cond-expr","locations":[{"start":{"line":685,"column":17},"end":{"line":685,"column":29}},{"start":{"line":685,"column":34},"end":{"line":685,"column":46}}]},"24":{"line":688,"type":"if","locations":[{"start":{"line":688,"column":8},"end":{"line":688,"column":8}},{"start":{"line":688,"column":8},"end":{"line":688,"column":8}}]},"25":{"line":689,"type":"if","locations":[{"start":{"line":689,"column":12},"end":{"line":689,"column":12}},{"start":{"line":689,"column":12},"end":{"line":689,"column":12}}]},"26":{"line":696,"type":"if","locations":[{"start":{"line":696,"column":8},"end":{"line":696,"column":8}},{"start":{"line":696,"column":8},"end":{"line":696,"column":8}}]},"27":{"line":697,"type":"if","locations":[{"start":{"line":697,"column":12},"end":{"line":697,"column":12}},{"start":{"line":697,"column":12},"end":{"line":697,"column":12}}]},"28":{"line":720,"type":"if","locations":[{"start":{"line":720,"column":8},"end":{"line":720,"column":8}},{"start":{"line":720,"column":8},"end":{"line":720,"column":8}}]},"29":{"line":724,"type":"cond-expr","locations":[{"start":{"line":724,"column":17},"end":{"line":724,"column":29}},{"start":{"line":724,"column":34},"end":{"line":724,"column":46}}]},"30":{"line":727,"type":"if","locations":[{"start":{"line":727,"column":8},"end":{"line":727,"column":8}},{"start":{"line":727,"column":8},"end":{"line":727,"column":8}}]},"31":{"line":728,"type":"if","locations":[{"start":{"line":728,"column":12},"end":{"line":728,"column":12}},{"start":{"line":728,"column":12},"end":{"line":728,"column":12}}]},"32":{"line":735,"type":"if","locations":[{"start":{"line":735,"column":8},"end":{"line":735,"column":8}},{"start":{"line":735,"column":8},"end":{"line":735,"column":8}}]},"33":{"line":736,"type":"if","locations":[{"start":{"line":736,"column":12},"end":{"line":736,"column":12}},{"start":{"line":736,"column":12},"end":{"line":736,"column":12}}]},"34":{"line":759,"type":"if","locations":[{"start":{"line":759,"column":44},"end":{"line":759,"column":44}},{"start":{"line":759,"column":44},"end":{"line":759,"column":44}}]},"35":{"line":760,"type":"if","locations":[{"start":{"line":760,"column":8},"end":{"line":760,"column":8}},{"start":{"line":760,"column":8},"end":{"line":760,"column":8}}]},"36":{"line":768,"type":"if","locations":[{"start":{"line":768,"column":8},"end":{"line":768,"column":8}},{"start":{"line":768,"column":8},"end":{"line":768,"column":8}}]},"37":{"line":800,"type":"if","locations":[{"start":{"line":800,"column":31},"end":{"line":800,"column":31}},{"start":{"line":800,"column":31},"end":{"line":800,"column":31}}]},"38":{"line":801,"type":"if","locations":[{"start":{"line":801,"column":8},"end":{"line":801,"column":8}},{"start":{"line":801,"column":8},"end":{"line":801,"column":8}}]},"39":{"line":812,"type":"if","locations":[{"start":{"line":812,"column":8},"end":{"line":812,"column":8}},{"start":{"line":812,"column":8},"end":{"line":812,"column":8}}]},"40":{"line":817,"type":"cond-expr","locations":[{"start":{"line":817,"column":17},"end":{"line":817,"column":36}},{"start":{"line":818,"column":20},"end":{"line":818,"column":39}}]},"41":{"line":817,"type":"cond-expr","locations":[{"start":{"line":817,"column":17},"end":{"line":818,"column":39}},{"start":{"line":819,"column":20},"end":{"line":819,"column":39}}]},"42":{"line":827,"type":"if","locations":[{"start":{"line":827,"column":8},"end":{"line":827,"column":8}},{"start":{"line":827,"column":8},"end":{"line":827,"column":8}}]},"43":{"line":836,"type":"if","locations":[{"start":{"line":836,"column":8},"end":{"line":836,"column":8}},{"start":{"line":836,"column":8},"end":{"line":836,"column":8}}]},"44":{"line":851,"type":"if","locations":[{"start":{"line":851,"column":8},"end":{"line":851,"column":8}},{"start":{"line":851,"column":8},"end":{"line":851,"column":8}}]},"45":{"line":898,"type":"if","locations":[{"start":{"line":898,"column":8},"end":{"line":898,"column":8}},{"start":{"line":898,"column":8},"end":{"line":898,"column":8}}]},"46":{"line":901,"type":"if","locations":[{"start":{"line":901,"column":8},"end":{"line":901,"column":8}},{"start":{"line":901,"column":8},"end":{"line":901,"column":8}}]},"47":{"line":912,"type":"if","locations":[{"start":{"line":912,"column":8},"end":{"line":912,"column":8}},{"start":{"line":912,"column":8},"end":{"line":912,"column":8}}]},"48":{"line":946,"type":"if","locations":[{"start":{"line":946,"column":8},"end":{"line":946,"column":8}},{"start":{"line":946,"column":8},"end":{"line":946,"column":8}}]},"49":{"line":948,"type":"if","locations":[{"start":{"line":948,"column":8},"end":{"line":948,"column":8}},{"start":{"line":948,"column":8},"end":{"line":948,"column":8}}]},"50":{"line":959,"type":"if","locations":[{"start":{"line":959,"column":8},"end":{"line":959,"column":8}},{"start":{"line":959,"column":8},"end":{"line":959,"column":8}}]},"51":{"line":989,"type":"if","locations":[{"start":{"line":989,"column":76},"end":{"line":989,"column":76}},{"start":{"line":989,"column":76},"end":{"line":989,"column":76}}]},"52":{"line":990,"type":"if","locations":[{"start":{"line":990,"column":8},"end":{"line":990,"column":8}},{"start":{"line":990,"column":8},"end":{"line":990,"column":8}}]},"53":{"line":1001,"type":"if","locations":[{"start":{"line":1001,"column":12},"end":{"line":1001,"column":12}},{"start":{"line":1001,"column":12},"end":{"line":1001,"column":12}}]},"54":{"line":1046,"type":"if","locations":[{"start":{"line":1046,"column":8},"end":{"line":1046,"column":8}},{"start":{"line":1046,"column":8},"end":{"line":1046,"column":8}}]}}},
"contracts/ARF/IERC20Upgradeable.sol":{"l":{},"path":"/home/swatimalode/Documents/Alloy/audit/smartcontract/contracts/ARF/IERC20Upgradeable.sol","s":{},"b":{},"f":{},"fnMap":{},"statementMap":{},"branchMap":{}},
"contracts/ARF/MintpegInterface.sol":{"l":{},"path":"/home/swatimalode/Documents/Alloy/audit/smartcontract/contracts/ARF/MintpegInterface.sol","s":{},"b":{},"f":{"1":0,"2":0,"3":0,"4":0,"5":0,"6":0,"7":0,"8":0,"9":0,"10":0,"11":0,"12":0,"13":0,"14":0},"fnMap":{"1":{"name":"mint","line":8,"loc":{"start":{"line":8,"column":4},"end":{"line":8,"column":56}}},"2":{"name":"mintARC","line":13,"loc":{"start":{"line":13,"column":4},"end":{"line":15,"column":26}}},"3":{"name":"isVerified","line":20,"loc":{"start":{"line":20,"column":4},"end":{"line":20,"column":77}}},"4":{"name":"commissionFee","line":22,"loc":{"start":{"line":22,"column":4},"end":{"line":22,"column":60}}},"5":{"name":"burn","line":27,"loc":{"start":{"line":27,"column":4},"end":{"line":27,"column":46}}},"6":{"name":"balanceOf","line":32,"loc":{"start":{"line":32,"column":4},"end":{"line":32,"column":78}}},"7":{"name":"ownerOf","line":41,"loc":{"start":{"line":41,"column":4},"end":{"line":41,"column":76}}},"8":{"name":"safeTransferFrom","line":56,"loc":{"start":{"line":56,"column":4},"end":{"line":61,"column":15}}},"9":{"name":"safeTransferFrom","line":77,"loc":{"start":{"line":77,"column":4},"end":{"line":81,"column":15}}},"10":{"name":"transferFrom","line":97,"loc":{"start":{"line":97,"column":4},"end":{"line":101,"column":15}}},"11":{"name":"approve","line":116,"loc":{"start":{"line":116,"column":4},"end":{"line":116,"column":59}}},"12":{"name":"setApprovalForAll","line":128,"loc":{"start":{"line":128,"column":4},"end":{"line":128,"column":74}}},"13":{"name":"getApproved","line":137,"loc":{"start":{"line":137,"column":4},"end":{"line":137,"column":83}}},"14":{"name":"isApprovedForAll","line":144,"loc":{"start":{"line":144,"column":4},"end":{"line":144,"column":92}}}},"statementMap":{},"branchMap":{}},
"contracts/CONSTRUCT/ConstructERC721V1.sol":{"l":{"138":0,"139":1,"140":1,"142":1,"143":1,"145":1,"147":1,"164":1,"165":1,"184":1,"185":1,"186":1,"187":1,"202":1,"203":1,"214":1,"219":1,"220":1,"223":1,"224":1,"225":1,"227":0,"248":1,"259":1,"264":1,"267":1,"268":1,"269":0,"271":1,"292":1,"304":1,"310":1,"312":0,"313":1,"314":1,"316":1,"336":1,"348":1,"353":1,"354":1,"355":1,"357":1,"372":0,"384":0,"385":0,"386":2,"391":0,"392":0,"394":0,"395":0,"397":0,"399":0,"401":0,"410":0,"414":0,"430":0},"path":"/home/swatimalode/Documents/Alloy/audit/smartcontract/contracts/CONSTRUCT/ConstructERC721V1.sol","s":{"1":1,"2":1,"3":1,"4":1,"5":1,"6":1,"7":1,"8":1,"9":1,"10":0,"11":1,"12":1,"13":1,"14":1,"15":0,"16":1,"17":1,"18":1,"19":1,"20":0,"21":1,"22":1,"23":1,"24":1,"25":1,"26":0,"27":2,"28":0,"29":0,"30":0,"31":0,"32":0,"33":0,"34":0},"b":{"1":[0,0],"2":[0,0],"3":[0,0],"4":[0,0],"5":[1,0],"6":[1,0],"7":[0,0],"8":[1,0],"9":[1,0],"10":[0,0],"11":[1,0],"12":[1,0],"13":[0,0],"14":[1,0],"15":[1,0],"16":[0,0],"17":[0,0],"18":[0,0],"19":[0,0]},"f":{"1":0,"2":1,"3":1,"4":0,"5":1,"6":1,"7":1,"8":0,"9":0,"10":0},"fnMap":{"1":{"name":"initialize","line":137,"loc":{"start":{"line":137,"column":4},"end":{"line":148,"column":4}}},"2":{"name":"upadateDefaultUri","line":163,"loc":{"start":{"line":160,"column":4},"end":{"line":166,"column":4}}},"3":{"name":"updateWallets","line":183,"loc":{"start":{"line":178,"column":4},"end":{"line":188,"column":4}}},"4":{"name":"buy","line":201,"loc":{"start":{"line":198,"column":4},"end":{"line":234,"column":4}}},"5":{"name":"buyOffChain","line":247,"loc":{"start":{"line":244,"column":4},"end":{"line":278,"column":4}}},"6":{"name":"mintConstruct","line":291,"loc":{"start":{"line":288,"column":4},"end":{"line":322,"column":4}}},"7":{"name":"sellAlloyConstruct","line":335,"loc":{"start":{"line":332,"column":4},"end":{"line":358,"column":4}}},"8":{"name":"convertConstruct","line":371,"loc":{"start":{"line":368,"column":4},"end":{"line":402,"column":4}}},"9":{"name":"tokenURI","line":407,"loc":{"start":{"line":407,"column":4},"end":{"line":422,"column":4}}},"10":{"name":"feeCalculation","line":427,"loc":{"start":{"line":427,"column":4},"end":{"line":431,"column":4}}}},"statementMap":{"1":{"start":{"line":138,"column":8},"end":{"line":138,"column":61}},"2":{"start":{"line":139,"column":8},"end":{"line":139,"column":23}},"3":{"start":{"line":140,"column":8},"end":{"line":140,"column":31}},"4":{"start":{"line":202,"column":8},"end":{"line":202,"column":50}},"5":{"start":{"line":203,"column":8},"end":{"line":203,"column":5071}},"6":{"start":{"line":214,"column":8},"end":{"line":214,"column":5472}},"7":{"start":{"line":219,"column":8},"end":{"line":219,"column":62}},"8":{"start":{"line":223,"column":8},"end":{"line":223,"column":47}},"9":{"start":{"line":224,"column":8},"end":{"line":224,"column":44}},"10":{"start":{"line":225,"column":8},"end":{"line":225,"column":55}},"11":{"start":{"line":227,"column":8},"end":{"line":227,"column":5887}},"12":{"start":{"line":248,"column":8},"end":{"line":248,"column":6405}},"13":{"start":{"line":259,"column":8},"end":{"line":259,"column":6813}},"14":{"start":{"line":267,"column":8},"end":{"line":267,"column":47}},"15":{"start":{"line":268,"column":8},"end":{"line":268,"column":44}},"16":{"start":{"line":269,"column":8},"end":{"line":269,"column":62}},"17":{"start":{"
[...]
lumn":4},"end":{"line":318,"column":4}}},"10":{"name":"reward","line":329,"loc":{"start":{"line":329,"column":4},"end":{"line":347,"column":4}}},"11":{"name":"viewSharePercent","line":363,"loc":{"start":{"line":363,"column":4},"end":{"line":382,"column":4}}},"12":{"name":"claim","line":392,"loc":{"start":{"line":392,"column":4},"end":{"line":410,"column":4}}},"13":{"name":"refurbished","line":420,"loc":{"start":{"line":420,"column":4},"end":{"line":450,"column":4}}},"14":{"name":"blacklist","line":464,"loc":{"start":{"line":461,"column":4},"end":{"line":472,"column":4}}},"15":{"name":"mintWeeklyTokens","line":482,"loc":{"start":{"line":482,"column":4},"end":{"line":496,"column":4}}}},"statementMap":{"1":{"start":{"line":124,"column":8},"end":{"line":124,"column":35}},"2":{"start":{"line":125,"column":8},"end":{"line":125,"column":23}},"3":{"start":{"line":127,"column":8},"end":{"line":127,"column":43}},"4":{"start":{"line":129,"column":8},"end":{"line":129,"column":43}},"5":{"start":{"line":130,"column":8},"end":{"line":130,"column":3218}},"6":{"start":{"line":136,"column":8},"end":{"line":136,"column":65}},"7":{"start":{"line":137,"column":8},"end":{"line":137,"column":3483}},"8":{"start":{"line":144,"column":8},"end":{"line":144,"column":3756}},"9":{"start":{"line":145,"column":12},"end":{"line":145,"column":3817}},"10":{"start":{"line":160,"column":8},"end":{"line":160,"column":4170}},"11":{"start":{"line":197,"column":8},"end":{"line":197,"column":5197}},"12":{"start":{"line":198,"column":12},"end":{"line":198,"column":50}},"13":{"start":{"line":214,"column":8},"end":{"line":214,"column":5670}},"14":{"start":{"line":215,"column":12},"end":{"line":215,"column":5731}},"15":{"start":{"line":243,"column":8},"end":{"line":243,"column":6441}},"16":{"start":{"line":248,"column":8},"end":{"line":248,"column":33}},"17":{"start":{"line":250,"column":8},"end":{"line":250,"column":61}},"18":{"start":{"line":265,"column":8},"end":{"line":265,"column":7015}},"19":{"start":{"line":276,"column":8},"end":{"line":276,"column":39}},"20":{"start":{"line":279,"column":8},"end":{"line":279,"column":59}},"21":{"start":{"line":298,"column":8},"end":{"line":298,"column":43}},"22":{"start":{"line":299,"column":8},"end":{"line":299,"column":37}},"23":{"start":{"line":317,"column":8},"end":{"line":317,"column":27}},"24":{"start":{"line":330,"column":8},"end":{"line":330,"column":8773}},"25":{"start":{"line":341,"column":8},"end":{"line":341,"column":62}},"26":{"start":{"line":343,"column":8},"end":{"line":343,"column":39}},"27":{"start":{"line":346,"column":8},"end":{"line":346,"column":56}},"28":{"start":{"line":373,"column":8},"end":{"line":373,"column":31}},"29":{"start":{"line":374,"column":8},"end":{"line":374,"column":10025}},"30":{"start":{"line":393,"column":8},"end":{"line":393,"column":10695}},"31":{"start":{"line":404,"column":8},"end":{"line":404,"column":62}},"32":{"start":{"line":406,"column":8},"end":{"line":406,"column":39}},"33":{"start":{"line":409,"column":8},"end":{"line":409,"column":45}},"34":{"start":{"line":424,"column":8},"end":{"line":424,"column":11628}},"35":{"start":{"line":436,"column":8},"end":{"line":436,"column":12026}},"36":{"start":{"line":441,"column":8},"end":{"line":441,"column":39}},"37":{"start":{"line":444,"column":8},"end":{"line":444,"column":12245}},"38":{"start":{"line":466,"column":8},"end":{"line":466,"column":12783}},"39":{"start":{"line":468,"column":12},"end":{"line":468,"column":12906}},"40":{"start":{"line":469,"column":16},"end":{"line":469,"column":61}},"41":{"start":{"line":483,"column":8},"end":{"line":483,"column":13277}},"42":{"start":{"line":488,"column":8},"end":{"line":488,"column":64}},"43":{"start":{"line":491,"column":8},"end":{"line":491,"column":13567}}},"branchMap":{"1":{"line":123,"type":"if","locations":[{"start":{"line":123,"column":33},"end":{"line":123,"column":33}},{"start":{"line":123,"column":33},"end":{"line":123,"column":33}}]},"2":{"line":160,"type":"if","locations":[{"start":{"line":160,"column":8},"end":{"line":160,"column":8}},{"start":{"line":160,"column":8},"end":{"line":160,"column":8}}]},"3":{"line":178,"type":"if","locations":[{"start":{"line":178,"column":23},"end":{"line":178,"column":23}},{"start":{"line":178,"column":23},"end":{"line":178,"column":23}}]},"4":{"line":194,"type":"if","locations":[{"start":{"line":194,"column":8},"end":{"line":194,"column":8}},{"start":{"line":194,"column":8},"end":{"line":194,"column":8}}]},"5":{"line":213,"type":"if","locations":[{"start":{"line":213,"column":23},"end":{"line":213,"column":23}},{"start":{"line":213,"column":23},"end":{"line":213,"column":23}}]},"6":{"line":243,"type":"if","locations":[{"start":{"line":243,"column":8},"end":{"line":243,"column":8}},{"start":{"line":243,"column":8},"end":{"line":243,"column":8}}]},"7":{"line":265,"type":"if","locations":[{"start":{"line":265,"column":8},"end":{"line":265,"column":8}},{"start":{"line":265,"column":8},"end":{"line":265,"column":8}}]},"8":{"line":297,"type":"if","locations":[{"start":{"line":297,"column":23},"end":{"line":297,"column":23}},{"start":{"line":297,"column":23},"end":{"line":297,"column":23}}]},"9":{"line":315,"type":"if","locations":[{"start":{"line":315,"column":8},"end":{"line":315,"column":8}},{"start":{"line":315,"column":8},"end":{"line":315,"column":8}}]},"10":{"line":330,"type":"if","locations":[{"start":{"line":330,"column":8},"end":{"line":330,"column":8}},{"start":{"line":330,"column":8},"end":{"line":330,"column":8}}]},"11":{"line":341,"type":"if","locations":[{"start":{"line":341,"column":8},"end":{"line":341,"column":8}},{"start":{"line":341,"column":8},"end":{"line":341,"column":8}}]},"12":{"line":393,"type":"if","locations":[{"start":{"line":393,"column":8},"end":{"line":393,"column":8}},{"start":{"line":393,"column":8},"end":{"line":393,"column":8}}]},"13":{"line":404,"type":"if","locations":[{"start":{"line":404,"column":8},"end":{"line":404,"column":8}},{"start":{"line":404,"column":8},"end":{"line":404,"column":8}}]},"14":{"line":424,"type":"if","locations":[{"start":{"line":424,"column":8},"end":{"line":424,"column":8}},{"start":{"line":424,"column":8},"end":{"line":424,"column":8}}]},"15":{"line":436,"type":"if","locations":[{"start":{"line":436,"column":8},"end":{"line":436,"column":8}},{"start":{"line":436,"column":8},"end":{"line":436,"column":8}}]},"16":{"line":464,"type":"if","locations":[{"start":{"line":464,"column":8},"end":{"line":464,"column":8}},{"start":{"line":464,"column":8},"end":{"line":464,"column":8}}]},"17":{"line":468,"type":"if","locations":[{"start":{"line":468,"column":12},"end":{"line":468,"column":12}},{"start":{"line":468,"column":12},"end":{"line":468,"column":12}}]},"18":{"line":482,"type":"if","locations":[{"start":{"line":482,"column":59},"end":{"line":482,"column":59}},{"start":{"line":482,"column":59},"end":{"line":482,"column":59}}]},"19":{"line":483,"type":"if","locations":[{"start":{"line":483,"column":8},"end":{"line":483,"column":8}},{"start":{"line":483,"column":8},"end":{"line":483,"column":8}}]}}},
"contracts/NIOZ/NiozERC20V2.sol":{"l":{"140":3,"141":3,"142":3,"143":3,"145":3,"146":12,"152":2,"153":2,"160":1,"161":2,"168":0,"176":1,"181":0,"197":1,"198":1,"199":4,"200":4,"201":0,"213":1,"214":4,"215":4,"231":1,"232":1,"239":1,"260":1,"265":1,"267":1,"281":1,"283":1,"298":1,"310":1,"315":0,"316":0,"317":0,"319":0,"338":0,"339":0,"356":0,"385":1,"386":1,"387":1,"390":1,"391":1,"392":1,"393":1,"405":1,"416":1,"418":1,"419":1,"421":1,"436":1,"448":0,"453":0,"454":0,"456":0,"477":0,"478":1,"479":1,"480":1,"494":1,"499":1,"500":1,"502":1,"518":0,"522":1,"524":1,"540":5,"544":5,"546":5,"567":5,"568":5,"569":0,"570":5,"571":5,"577":5,"578":0,"580":0,"582":0,"584":0,"585":0,"589":0,"594":0,"595":0,"596":0,"598":0,"600":0,"602":0},"path":"/home/swatimalode/Documents/Alloy/audit/smartcontract/contracts/NIOZ/NiozERC20V2.sol","s":{"1":3,"2":3,"3":3,"4":12,"5":12,"6":2,"7":2,"8":1,"9":2,"10":1,"11":4,"12":1,"13":1,"14":1,"15":1,"16":1,"17":1,"18":1,"19":1,"20":1,"21":0,"22":0,"23":0,"24":0,"25":0,"26":0,"27":1,"28":1,"29":1,"30":1,"31":1,"32":1,"33":1,"34":0,"35":0,"36":0,"37":0,"38":1,"39":1,"40":1,"41":1,"42":1,"43":1,"44":1,"45":1,"46":5,"47":5,"48":5,"49":5,"50":0,"51":5,"52":0,"53":5,"54":0,"55":0,"56":0,"57":0,"58":0,"59":0,"60":0,"61":0},"b":{"1":[0,0],"2":[1,0],"3":[1,1],"4":[0,0],"5":[0,0],"6":[0,0],"7":[1,0],"8":[1,0],"9":[0,0],"10":[0,0],"11":[0,0],"12":[1,0],"13":[1,0],"14":[1,0],"15":[0,0],"16":[0,0],"17":[1,1],"18":[0,0],"19":[1,0],"20":[1,0],"21":[0,0],"22":[5,0],"23":[0,0],"24":[0,0],"25":[0,0],"26":[0,0],"27":[0,0],"28":[0,0]},"f":{"1":3,"2":0,"3":1,"4":1,"5":1,"6":1,"7":1,"8":1,"9":2,"10":0,"11":0,"12":1,"13":1,"14":0,"15":1,"16":0,"17":5,"18":5},"fnMap":{"1":{"name":"initialize","line":139,"loc":{"start":{"line":139,"column":4},"end":{"line":170,"column":4}}},"2":{"name":"onlyAllowedAddress","line":175,"loc":{"start":{"line":175,"column":4},"end":{"line":182,"column":4}}},"3":{"name":"updateAddresses","line":196,"loc":{"start":{"line":190,"column":4},"end":{"line":202,"column":4}}},"4":{"name":"updatePlatformWallets","line":212,"loc":{"start":{"line":210,"column":4},"end":{"line":217,"column":4}}},"5":{"name":"updateMintData","line":230,"loc":{"start":{"line":225,"column":4},"end":{"line":241,"column":4}}},"6":{"name":"stake","line":255,"loc":{"start":{"line":255,"column":4},"end":{"line":268,"column":4}}},"7":{"name":"stakeInFoundary","line":280,"loc":{"start":{"line":280,"column":4},"end":{"line":284,"column":4}}},"8":{"name":"sellUnprocessedPart","line":294,"loc":{"start":{"line":294,"column":4},"end":{"line":320,"column":4}}},"9":{"name":"safeTransfer","line":337,"loc":{"start":{"line":333,"column":4},"end":{"line":340,"column":4}}},"10":{"name":"mint","line":355,"loc":{"start":{"line":352,"column":4},"end":{"line":357,"column":4}}},"11":{"name":"viewSharePercent","line":373,"loc":{"start":{"line":373,"column":4},"end":{"line":394,"column":4}}},"12":{"name":"claim","line":404,"loc":{"start":{"line":404,"column":4},"end":{"line":422,"column":4}}},"13":{"name":"refurbished","line":432,"loc":{"start":{"line":432,"column":4},"end":{"line":462,"column":4}}},"14":{"name":"blacklist","line":476,"loc":{"start":{"line":473,"column":4},"end":{"line":483,"column":4}}},"15":{"name":"mintWeeklyTokens","line":493,"loc":{"start":{"line":493,"column":4},"end":{"line":507,"column":4}}},"16":{"name":"burnTokens","line":517,"loc":{"start":{"line":517,"column":4},"end":{"line":525,"column":4}}},"17":{"name":"burnTokensAuth","line":539,"loc":{"start":{"line":536,"column":4},"end":{"line":547,"column":4}}},"18":{"name":"recoverSigner","line":563,"loc":{"start":{"line":563,"column":4},"end":{"line":604,"column":4}}}},"statementMap":{"1":{"start":{"line":140,"column":8},"end":{"line":140,"column":35}},"2":{"start":{"line":141,"column":8},"end":{"line":141,"column":23}},"3":{"start":{"line":143,"column":8},"end":{"line":143,"column":45}},"4":{"start":{"line":145,"column":8},"end":{"line":145,"column":43}},"5":{"start":{"line":146,"column":8},"end":{"line":146,"column":3762}},"6":{"start":{"line":152,"column":8},"end":{"line":152,"column":65}},"7":{"start":{"line":153,"column":8},"end":{"line":153,"column":4027}},"8":{"start":{"line":160,"column":8},"end":{"line":160,"column":4300}},"9":{"start":{"line":161,"column":12},"end":{"line":161,"column":4361}},"10":{"start":{"line":176,"column":8},"end":{"line":176,"column":4714}},"11":{"start":{"line":214,"column":8},"end":{"line":214,"column":5899}},"12":{"start":{"line":215,"column":12},"end":{"line":215,"column":50}},"13":{"start":{"line":231,"column":8},"end":{"line":231,"column":6372}},"14":{"start":{"line":232,"column":12},"end":{"line":232,"column":6433}},"15":{"start":{"line":260,"column":8},"end":{"line":260,"column":7143}},"16":{"start":{"line":265,"column":8},"end":{"line":265,"column":33}},"17":{"start":{"line":267,"column":8},"end":{"line":267,"column":61}},"18":{"start":{"line":281,"column":8},"end":{"line":281,"column":33}},"19":{"start":{"line":283,"column":8},"end":{"line":283,"column":49}},"20":{"start":{"line":298,"column":8},"end":{"line":298,"column":8116}},"21":{"start":{"line":310,"column":8},"end":{"line":310,"column":8580}},"22":{"start":{"line":315,"column":8},"end":{"line":315,"column":39}},"23":{"start":{"line":319,"column":8},"end":{"line":319,"column":59}},"24":{"start":{"line":338,"column":8},"end":{"line":338,"column":43}},"25":{"start":{"line":339,"column":8},"end":{"line":339,"column":37}},"26":{"start":{"line":356,"column":8},"end":{"line":356,"column":27}},"27":{"start":{"line":385,"column":8},"end":{"line":385,"column":31}},"28":{"start":{"line":386,"column":8},"end":{"line":386,"column":10461}},"29":{"start":{"line":405,"column":8},"end":{"line":405,"column":11131}},"30":{"start":{"line":416,"column":8},"end":{"line":416,"column":62}},"31":{"start":{"line":418,"column":8},"end":{"line":418,"column":39}},"32":{"start":{"line":421,"column":8},"end":{"line":421,"column":45}},"33":{"start":{"line":436,"column":8},"end":{"line":436,"column":12066}},"34":{"start":{"line":448,"column":8},"end":{"line":448,"column":12464}},"35":{"start":{"line":453,"column":8},"end":{"line":453,"column":39}},"36":{"start":{"line":456,"column":8},"end":{"line":456,"column":12683}},"37":{"start":{"line":477,"column":8},"end":{"line":477,"column":13215}},"38":{"start":{"line":479,"column":12},"end":{"line":479,"column":13338}},"39":{"start":{"line":480,"column":16},"end":{"line":480,"column":61}},"40":{"start":{"line":494,"column":8},"end":{"line":494,"column":13709}},"41":{"start":{"line":499,"column":8},"end":{"line":499,"column":64}},"42":{"start":{"line":502,"column":8},"end":{"line":502,"column":13999}},"43":{"start":{"line":518,"column":8},"end":{"line":518,"column":14391}},"44":{"start":{"line":522,"column":8},"end":{"line":522,"column":33}},"45":{"start":{"line":524,"column":8},"end":{"line":524,"column":44}},"46":{"start":{"line":540,"column":8},"end":{"line":540,"column":14961}},"47":{"start":{"line":544,"column":8},"end":{"line":544,"column":31}},"48":{"start":{"line":546,"column":8},"end":{"line":546,"column":42}},"49":{"start":{"line":567,"column":8},"end":{"line":567,"column":17}},"50":{"start":{"line":568,"column":8},"end":{"line":568,"column":17}},"51":{"start":{"line":569,"column":8},"end":{"line":569,"column":15}},"52":{"start":{"line":570,"column":8},"end":{"line":570,"column":16137}},"53":{"start":{"line":577,"column":12},"end":{"line":577,"column":16377}},"54":{"start":{"line":579,"column":19},"end":{"line":579,"column":16434}},"55":{"start":{"line":582,"column":12},"end":{"line":582,"column":59}},"56":{"start":{"line":583,"column":15},"end":{"line":583,"column":16558}},"57":{"start":{"line":584,"column":12},"end":{"line":584,"column":22}},"58":{"start":{"line":595,"column":12},"end":{"line":595,"column":16982}},"59":{"start":{"line":597,"column":19},"end":{"line":597,"column":17039}},"60":{"start":{"line":600,"column":12},"end":{"line":600,"column":59}},"61":{"start":{"line":602,"column":12},"end":{"line":602,"column":29}}},"branchMap":{"1":{"line":139,"type":"if","locations":[{"start":{"line":139,"column":33},"end":{"line":139,"column":33}},{"start":{"line":139,"column":33},"end":{"line":139,"column":33}}]},"2":{"line":176,"type":"if","locations":[{"start":{"line":176,"column":8},"end":{"line":176,"column":8}},{"start":{"line":176,"column":8},"end":{"line":176,"column":8}}]},"3":{"line":177,"type":"cond-expr","locations":[{"start":{"line":177,"column":12},"end":{"line":177,"column":52}},{"start":{"line":178,"column":16},"end":{"line":178,"column":59}}]},"4":{"line":196,"type":"if","locations":[{"start":{"line":196,"column":23},"end":{"line":196,"column":23}},{"start":{"line":196,"column":23},"end":{"line":196,"column":23}}]},"5":{"line":212,"type":"if","locations":[{"start":{"line":212,"column":23},"end":{"line":212,"column":23}},{"start":{"line":212,"column":23},"end":{"line":212,"column":23}}]},"6":{"line":230,"type":"if","locations":[{"start":{"line":230,"column":23},"end":{"line":230,"column":23}},{"start":{"line":230,"column":23},"end":{"line":230,"column":23}}]},"7":{"line":260,"type":"if","locations":[{"start":{"line":260,"column":8},"end":{"line":260,"column":8}},{"start":{"line":260,"column":8},"end":{"line":260,"column":8}}]},"8":{"line":298,"type":"if","locations":[{"start":{"line":298,"column":8},"end":{"line":298,"column":8}},{"start":{"line":298,"column":8},"end":{"line":298,"column":8}}]},"9":{"line":310,"type":"if","locations":[{"start":{"line":310,"column":8},"end":{"line":310,"column":8}},{"start":{"line":310,"column":8},"end":{"line":310,"column":8}}]},"10":{"line":337,"type":"if","locations":[{"start":{"line":337,"column":23},"end":{"line":337,"column":23}},{"start":{"line":337,"column":23},"end":{"line":337,"column":23}}]},"11":{"line":355,"type":"if","locations":[{"start":{"line":355,"column":23},"end":{"line":355,"column":23}},{"start":{"line":355,"column":23},"end":{"line":355,"column":23}}]},"12":{"line":405,"type":"if","locations":[{"start":{"line":405,"column":8},"end":{"line":405,"column":8}},{"start":{"line":405,"column":8},"end":{"line":405,"column":8}}]},"13":{"line":416,"type":"if","locations":[{"start":{"line":416,"column":8},"end":{"line":416,"column":8}},{"start":{"line":416,"column":8},"end":{"line":416,"column":8}}]},"14":{"line":436,"type":"if","locations":[{"start":{"line":436,"column":8},"end":{"line":436,"column":8}},{"start":{"line":436,"column":8},"end":{"line":436,"column":8}}]},"15":{"line":448,"type":"if","locations":[{"start":{"line":448,"column":8},"end":{"line":448,"column":8}},{"start":{"line":448,"column":8},"end":{"line":448,"column":8}}]},"16":{"line":476,"type":"if","locations":[{"start":{"line":476,"column":23},"end":{"line":476,"column":23}},{"start":{"line":476,"column":23},"end":{"line":476,"column":23}}]},"17":{"line":479,"type":"if","locations":[{"start":{"line":479,"column":12},"end":{"line":479,"column":12}},{"start":{"line":479,"column":12},"end":{"line":479,"column":12}}]},"18":{"line":493,"type":"if","locations":[{"start":{"line":493,"column":59},"end":{"line":493,"column":59}},{"start":{"line":493,"column":59},"end":{"line":493,"column":59}}]},"19":{"line":494,"type":"if","locations":[{"start":{"line":494,"column":8},"end":{"line":494,"column":8}},{"start":{"line":494,"column":8},"end":{"line":494,"column":8}}]},"20":{"line":518,"type":"if","locations":[{"start":{"line":518,"column":8},"end":{"line":518,"column":8}},{"start":{"line":518,"column":8},"end":{"line":518,"column":8}}]},"21":{"line":539,"type":"if","locations":[{"start":{"line":539,"column":23},"end":{"line":539,"column":23}},{"start":{"line":539,"column":23},"end":{"line":539,"column":23}}]},"22":{"line":540,"type":"if","locations":[{"start":{"line":540,"column":8},"end":{"line":540,"column":8}},{"start":{"line":540,"column":8},"end":{"line":540,"column":8}}]},"23":{"line":570,"type":"if","locations":[{"start":{"line":570,"column":8},"end":{"line":570,"column":8}},{"start":{"line":570,"column":8},"end":{"line":570,"column":8}}]},"24":{"line":577,"type":"if","locations":[{"start":{"line":577,"column":12},"end":{"line":577,"column":12}},{"start":{"line":577,"column":12},"end":{"line":577,"column":12}}]},"25":{"line":579,"type":"if","locations":[{"start":{"line":579,"column":19},"end":{"line":579,"column":19}},{"start":{"line":579,"column":19},"end":{"line":579,"column":19}}]},"26":{"line":583,"type":"if","locations":[{"start":{"line":583,"column":15},"end":{"line":583,"column":15}},{"start":{"line":583,"column":15},"end":{"line":583,"column":15}}]},"27":{"line":595,"type":"if","locations":[{"start":{"line":595,"column":12},"end":{"line":595,"column":12}},{"start":{"line":595,"column":12},"end":{"line":595,"column":12}}]},"28":{"line":597,"type":"if","locations":[{"start":{"line":597,"column":19},"end":{"line":597,"column":19}},{"start":{"line":597,"column":19},"end":{"line":597,"column":19}}]}}}}
