TN:
SF:/home/swatimalode/Documents/Alloy/audit/smartcontract/contracts/ARC/AlloyERC721V1.sol
FN:277,initialize
FN:299,onlyMaster
FN:319,mintARC
FN:340,upadateDefaultUri
FN:366,updateMerchantWalletAndNiozAddress
FN:388,mintPrinterARC
FN:500,mintPart
FN:536,assembleParts
FN:602,processPart
FN:659,sellProcessedPart
FN:725,recycleBrokenPart
FN:788,mintUpgrade
FN:826,mintConstruct
FN:864,sellConsumable
FN:894,sellAlloyConstruct
FN:926,processPartInventory
FN:978,equipUpgrade
FN:1030,buy
FN:1069,tokenURI
FN:1093,feeCalculation
FNF:20
FNH:0
FNDA:0,initialize
FNDA:0,onlyMaster
FNDA:0,mintARC
FNDA:0,upadateDefaultUri
FNDA:0,updateMerchantWalletAndNiozAddress
FNDA:0,mintPrinterARC
FNDA:0,mintPart
FNDA:0,assembleParts
FNDA:0,processPart
FNDA:0,sellProcessedPart
FNDA:0,recycleBrokenPart
FNDA:0,mintUpgrade
FNDA:0,mintConstruct
FNDA:0,sellConsumable
FNDA:0,sellAlloyConstruct
FNDA:0,processPartInventory
FNDA:0,equipUpgrade
FNDA:0,buy
FNDA:0,tokenURI
FNDA:0,feeCalculation
DA:278,0
DA:279,0
DA:280,0
DA:282,0
DA:283,0
DA:285,0
DA:286,0
DA:288,0
DA:291,0
DA:293,0
DA:300,0
DA:304,0
DA:322,0
DA:323,0
DA:324,0
DA:342,0
DA:343,0
DA:367,0
DA:368,0
DA:369,0
DA:370,0
DA:371,0
DA:389,0
DA:400,0
DA:420,0
DA:429,0
DA:430,0
DA:434,0
DA:436,0
DA:437,0
DA:438,0
DA:440,0
DA:441,0
DA:444,0
DA:445,0
DA:450,0
DA:457,0
DA:463,0
DA:472,0
DA:478,0
DA:504,0
DA:516,0
DA:517,0
DA:519,0
DA:520,0
DA:522,0
DA:540,0
DA:552,0
DA:553,0
DA:557,0
DA:562,0
DA:563,0
DA:564,0
DA:567,0
DA:572,0
DA:576,0
DA:577,0
DA:579,0
DA:606,0
DA:618,0
DA:619,0
DA:620,0
DA:621,0
DA:623,0
DA:624,0
DA:628,0
DA:630,0
DA:639,0
DA:663,0
DA:674,0
DA:678,0
DA:683,0
DA:684,0
DA:685,0
DA:687,0
DA:688,0
DA:691,0
DA:692,0
DA:698,0
DA:704,0
DA:729,0
DA:740,0
DA:744,0
DA:749,0
DA:750,0
DA:751,0
DA:753,0
DA:754,0
DA:757,0
DA:758,0
DA:764,0
DA:770,0
DA:792,0
DA:804,0
DA:805,0
DA:806,0
DA:808,0
DA:810,0
DA:830,0
DA:842,0
DA:843,0
DA:845,0
DA:846,0
DA:848,0
DA:868,0
DA:880,0
DA:881,0
DA:883,0
DA:898,0
DA:909,0
DA:910,0
DA:912,0
DA:930,0
DA:942,0
DA:946,0
DA:950,0
DA:954,0
DA:955,0
DA:957,0
DA:982,0
DA:994,0
DA:998,0
DA:1002,0
DA:1006,0
DA:1007,0
DA:1009,0
DA:1032,0
DA:1033,0
DA:1041,0
DA:1049,0
DA:1050,0
DA:1053,0
DA:1054,0
DA:1055,0
DA:1057,0
DA:1076,0
DA:1080,0
DA:1098,0
LF:138
LH:0
BRDA:277,1,0,0
BRDA:277,1,1,0
BRDA:300,2,0,0
BRDA:300,2,1,0
BRDA:319,3,0,0
BRDA:319,3,1,0
BRDA:340,4,0,0
BRDA:340,4,1,0
BRDA:366,5,0,0
BRDA:366,5,1,0
BRDA:388,6,0,0
BRDA:388,6,1,0
BRDA:389,7,0,0
BRDA:389,7,1,0
BRDA:400,8,0,0
BRDA:400,8,1,0
BRDA:408,9,0,0
BRDA:408,9,1,0
BRDA:408,10,0,0
BRDA:408,10,1,0
BRDA:420,11,0,0
BRDA:420,11,1,0
BRDA:430,12,0,0
BRDA:430,12,1,0
BRDA:445,13,0,0
BRDA:445,13,1,0
BRDA:504,14,0,0
BRDA:504,14,1,0
BRDA:540,15,0,0
BRDA:540,15,1,0
BRDA:553,16,0,0
BRDA:553,16,1,0
BRDA:557,17,0,0
BRDA:557,17,1,0
BRDA:567,18,0,0
BRDA:567,18,1,0
BRDA:572,19,0,0
BRDA:572,19,1,0
BRDA:606,20,0,0
BRDA:606,20,1,0
BRDA:623,21,0,0
BRDA:623,21,1,0
BRDA:624,22,0,0
BRDA:624,22,1,0
BRDA:663,23,0,0
BRDA:663,23,1,0
BRDA:674,24,0,0
BRDA:674,24,1,0
BRDA:678,25,0,0
BRDA:678,25,1,0
BRDA:687,26,0,0
BRDA:687,26,1,0
BRDA:691,27,0,0
BRDA:691,27,1,0
BRDA:692,28,0,0
BRDA:692,28,1,0
BRDA:698,29,0,0
BRDA:698,29,1,0
BRDA:729,30,0,0
BRDA:729,30,1,0
BRDA:740,31,0,0
BRDA:740,31,1,0
BRDA:744,32,0,0
BRDA:744,32,1,0
BRDA:753,33,0,0
BRDA:753,33,1,0
BRDA:757,34,0,0
BRDA:757,34,1,0
BRDA:758,35,0,0
BRDA:758,35,1,0
BRDA:764,36,0,0
BRDA:764,36,1,0
BRDA:792,37,0,0
BRDA:792,37,1,0
BRDA:830,38,0,0
BRDA:830,38,1,0
BRDA:868,39,0,0
BRDA:868,39,1,0
BRDA:898,40,0,0
BRDA:898,40,1,0
BRDA:930,41,0,0
BRDA:930,41,1,0
BRDA:942,42,0,0
BRDA:942,42,1,0
BRDA:946,43,0,0
BRDA:946,43,1,0
BRDA:950,44,0,0
BRDA:950,44,1,0
BRDA:982,45,0,0
BRDA:982,45,1,0
BRDA:994,46,0,0
BRDA:994,46,1,0
BRDA:998,47,0,0
BRDA:998,47,1,0
BRDA:1002,48,0,0
BRDA:1002,48,1,0
BRDA:1030,49,0,0
BRDA:1030,49,1,0
BRDA:1033,50,0,0
BRDA:1033,50,1,0
BRDA:1041,51,0,0
BRDA:1041,51,1,0
BRDA:1076,52,0,0
BRDA:1076,52,1,0
BRF:104
BRH:0
end_of_record
TN:
SF:/home/swatimalode/Documents/Alloy/audit/smartcontract/contracts/ARC/AlloyERC721V2.sol
FN:224,initialize
FN:246,onlyMaster
FN:265,mintARC
FN:284,upadateDefaultUri
FN:310,updateMerchantWalletAndNiozAddress
FN:333,mintPrinterARC
FN:450,sellProcessedPart
FN:497,buy
FN:540,buyOffChain
FN:578,burnTokens
FN:594,tokenURI
FN:614,feeCalculation
FNF:12
FNH:10
FNDA:3,initialize
FNDA:4,onlyMaster
FNDA:4,mintARC
FNDA:0,upadateDefaultUri
FNDA:1,updateMerchantWalletAndNiozAddress
FNDA:3,mintPrinterARC
FNDA:1,sellProcessedPart
FNDA:1,buy
FNDA:1,buyOffChain
FNDA:1,burnTokens
FNDA:0,tokenURI
FNDA:2,feeCalculation
DA:225,3
DA:226,3
DA:227,3
DA:229,3
DA:230,3
DA:232,3
DA:233,3
DA:235,3
DA:238,3
DA:240,3
DA:247,4
DA:251,4
DA:266,4
DA:267,4
DA:268,4
DA:285,0
DA:286,0
DA:311,1
DA:312,1
DA:313,1
DA:314,1
DA:315,1
DA:316,1
DA:334,3
DA:345,3
DA:365,3
DA:374,3
DA:375,3
DA:379,3
DA:381,3
DA:382,3
DA:383,3
DA:385,3
DA:386,3
DA:389,3
DA:390,3
DA:395,0
DA:402,0
DA:408,0
DA:417,3
DA:423,3
DA:451,1
DA:462,1
DA:464,1
DA:465,1
DA:468,1
DA:469,0
DA:475,1
DA:498,1
DA:499,1
DA:504,1
DA:512,1
DA:513,1
DA:516,1
DA:517,1
DA:518,1
DA:520,1
DA:541,1
DA:546,1
DA:554,1
DA:557,1
DA:558,1
DA:559,1
DA:561,1
DA:579,1
DA:580,1
DA:581,1
DA:587,1
DA:597,0
DA:601,0
DA:617,2
LF:71
LH:63
BRDA:224,1,0,3
BRDA:224,1,1,0
BRDA:247,2,0,4
BRDA:247,2,1,0
BRDA:265,3,0,4
BRDA:265,3,1,0
BRDA:284,4,0,0
BRDA:284,4,1,0
BRDA:310,5,0,1
BRDA:310,5,1,0
BRDA:333,6,0,3
BRDA:333,6,1,0
BRDA:334,7,0,3
BRDA:334,7,1,0
BRDA:345,8,0,3
BRDA:345,8,1,0
BRDA:353,9,0,1
BRDA:353,9,1,1
BRDA:353,10,0,1
BRDA:353,10,1,1
BRDA:365,11,0,3
BRDA:365,11,1,0
BRDA:375,12,0,3
BRDA:375,12,1,0
BRDA:390,13,0,0
BRDA:390,13,1,3
BRDA:450,14,0,1
BRDA:450,14,1,0
BRDA:451,15,0,1
BRDA:451,15,1,0
BRDA:464,16,0,1
BRDA:464,16,1,0
BRDA:468,17,0,0
BRDA:468,17,1,1
BRDA:469,18,0,0
BRDA:469,18,1,0
BRDA:497,19,0,1
BRDA:497,19,1,0
BRDA:499,20,0,1
BRDA:499,20,1,0
BRDA:504,21,0,1
BRDA:504,21,1,0
BRDA:540,22,0,1
BRDA:540,22,1,0
BRDA:541,23,0,1
BRDA:541,23,1,0
BRDA:546,24,0,1
BRDA:546,24,1,0
BRDA:581,25,0,1
BRDA:581,25,1,0
BRDA:582,26,0,0
BRDA:582,26,1,0
BRDA:582,27,0,0
BRDA:582,27,1,1
BRDA:597,28,0,0
BRDA:597,28,1,0
BRF:56
BRH:26
end_of_record
TN:
SF:/home/swatimalode/Documents/Alloy/audit/smartcontract/contracts/ARC/ArfInterface.sol
FNF:0
FNH:0
LF:0
LH:0
BRF:0
BRH:0
end_of_record
TN:
SF:/home/swatimalode/Documents/Alloy/audit/smartcontract/contracts/ARC/IERC20Upgradeable.sol
FNF:0
FNH:0
LF:0
LH:0
BRF:0
BRH:0
end_of_record
TN:
SF:/home/swatimalode/Documents/Alloy/audit/smartcontract/contracts/ARF/ArfERC721V1.sol
FN:223,initialize
FN:289,upadateDefaultUri
FN:308,updateEpochStatus
FN:330,updateEpochDetails
FN:357,updateARCPoolDetails
FN:386,updateARFPoolDetails
FN:410,whitelistARFAddresses
FN:433,whitelistARCAddresses
FN:456,whitelistAddressesEggnite
FN:478,whitelistARFReserves
FN:500,whitelistARCReserves
FN:522,whitelistARFAlloyTeam
FN:544,whitelistARCAlloyTeam
FN:572,updateWallets
FN:591,updateCounter
FN:612,mintARF
FN:641,mintARC
FN:669,mintInternalARC
FN:708,mintInternalARF
FN:748,mintEggnite
FN:789,mintPrinterARF
FN:879,buy
FN:925,Joepegs
FN:963,JoepegsMultiple
FN:1009,tokenURI
FN:1033,feeCalculation
FNF:26
FNH:0
FNDA:0,initialize
FNDA:0,upadateDefaultUri
FNDA:0,updateEpochStatus
FNDA:0,updateEpochDetails
FNDA:0,updateARCPoolDetails
FNDA:0,updateARFPoolDetails
FNDA:0,whitelistARFAddresses
FNDA:0,whitelistARCAddresses
FNDA:0,whitelistAddressesEggnite
FNDA:0,whitelistARFReserves
FNDA:0,whitelistARCReserves
FNDA:0,whitelistARFAlloyTeam
FNDA:0,whitelistARCAlloyTeam
FNDA:0,updateWallets
FNDA:0,updateCounter
FNDA:0,mintARF
FNDA:0,mintARC
FNDA:0,mintInternalARC
FNDA:0,mintInternalARF
FNDA:0,mintEggnite
FNDA:0,mintPrinterARF
FNDA:0,buy
FNDA:0,Joepegs
FNDA:0,JoepegsMultiple
FNDA:0,tokenURI
FNDA:0,feeCalculation
DA:224,0
DA:225,0
DA:226,0
DA:228,0
DA:229,0
DA:231,0
DA:233,0
DA:244,0
DA:255,0
DA:256,0
DA:262,0
DA:265,0
DA:267,0
DA:271,0
DA:273,0
DA:291,0
DA:292,0
DA:310,0
DA:311,0
DA:331,0
DA:332,0
DA:333,0
DA:358,0
DA:359,0
DA:360,0
DA:362,0
DA:363,0
DA:387,0
DA:388,0
DA:389,0
DA:391,0
DA:392,0
DA:412,0
DA:413,0
DA:416,0
DA:435,0
DA:436,0
DA:439,0
DA:457,0
DA:458,0
DA:461,0
DA:480,0
DA:481,0
DA:483,0
DA:502,0
DA:503,0
DA:505,0
DA:524,0
DA:525,0
DA:527,0
DA:546,0
DA:547,0
DA:550,0
DA:573,0
DA:574,0
DA:575,0
DA:576,0
DA:577,0
DA:596,0
DA:600,0
DA:601,0
DA:613,0
DA:620,0
DA:624,0
DA:626,0
DA:627,0
DA:628,0
DA:630,0
DA:642,0
DA:649,0
DA:653,0
DA:654,0
DA:656,0
DA:658,0
DA:670,0
DA:677,0
DA:678,0
DA:682,0
DA:685,0
DA:686,0
DA:690,0
DA:693,0
DA:695,0
DA:697,0
DA:709,0
DA:716,0
DA:717,0
DA:721,0
DA:724,0
DA:725,0
DA:729,0
DA:732,0
DA:734,0
DA:735,0
DA:737,0
DA:749,0
DA:757,0
DA:762,0
DA:763,0
DA:765,0
DA:766,0
DA:767,0
DA:769,0
DA:771,0
DA:790,0
DA:801,0
DA:816,0
DA:817,0
DA:821,0
DA:823,0
DA:824,0
DA:825,0
DA:827,0
DA:828,0
DA:831,0
DA:832,0
DA:833,0
DA:838,0
DA:842,0
DA:849,0
DA:850,0
DA:853,0
DA:855,0
DA:881,0
DA:882,0
DA:893,0
DA:898,0
DA:899,0
DA:902,0
DA:903,0
DA:904,0
DA:906,0
DA:926,0
DA:935,0
DA:940,0
DA:941,0
DA:943,0
DA:944,0
DA:946,0
DA:947,0
DA:948,0
DA:950,0
DA:964,0
DA:972,0
DA:973,0
DA:974,0
DA:975,0
DA:980,0
DA:985,0
DA:987,0
DA:988,0
DA:989,0
DA:990,0
DA:992,0
DA:993,0
DA:994,0
DA:997,0
DA:1016,0
DA:1020,0
DA:1038,0
LF:160
LH:0
BRDA:223,1,0,0
BRDA:223,1,1,0
BRDA:289,2,0,0
BRDA:289,2,1,0
BRDA:308,3,0,0
BRDA:308,3,1,0
BRDA:330,4,0,0
BRDA:330,4,1,0
BRDA:357,5,0,0
BRDA:357,5,1,0
BRDA:386,6,0,0
BRDA:386,6,1,0
BRDA:410,7,0,0
BRDA:410,7,1,0
BRDA:433,8,0,0
BRDA:433,8,1,0
BRDA:456,9,0,0
BRDA:456,9,1,0
BRDA:478,10,0,0
BRDA:478,10,1,0
BRDA:500,11,0,0
BRDA:500,11,1,0
BRDA:522,12,0,0
BRDA:522,12,1,0
BRDA:544,13,0,0
BRDA:544,13,1,0
BRDA:572,14,0,0
BRDA:572,14,1,0
BRDA:596,15,0,0
BRDA:596,15,1,0
BRDA:613,16,0,0
BRDA:613,16,1,0
BRDA:620,17,0,0
BRDA:620,17,1,0
BRDA:642,18,0,0
BRDA:642,18,1,0
BRDA:649,19,0,0
BRDA:649,19,1,0
BRDA:670,20,0,0
BRDA:670,20,1,0
BRDA:674,21,0,0
BRDA:674,21,1,0
BRDA:677,22,0,0
BRDA:677,22,1,0
BRDA:678,23,0,0
BRDA:678,23,1,0
BRDA:685,24,0,0
BRDA:685,24,1,0
BRDA:686,25,0,0
BRDA:686,25,1,0
BRDA:709,26,0,0
BRDA:709,26,1,0
BRDA:713,27,0,0
BRDA:713,27,1,0
BRDA:716,28,0,0
BRDA:716,28,1,0
BRDA:717,29,0,0
BRDA:717,29,1,0
BRDA:724,30,0,0
BRDA:724,30,1,0
BRDA:725,31,0,0
BRDA:725,31,1,0
BRDA:749,32,0,0
BRDA:749,32,1,0
BRDA:757,33,0,0
BRDA:757,33,1,0
BRDA:789,34,0,0
BRDA:789,34,1,0
BRDA:790,35,0,0
BRDA:790,35,1,0
BRDA:801,36,0,0
BRDA:801,36,1,0
BRDA:806,37,0,0
BRDA:806,37,1,0
BRDA:806,38,0,0
BRDA:806,38,1,0
BRDA:817,39,0,0
BRDA:817,39,1,0
BRDA:832,40,0,0
BRDA:832,40,1,0
BRDA:879,41,0,0
BRDA:879,41,1,0
BRDA:882,42,0,0
BRDA:882,42,1,0
BRDA:893,43,0,0
BRDA:893,43,1,0
BRDA:926,44,0,0
BRDA:926,44,1,0
BRDA:935,45,0,0
BRDA:935,45,1,0
BRDA:964,46,0,0
BRDA:964,46,1,0
BRDA:975,47,0,0
BRDA:975,47,1,0
BRDA:1016,48,0,0
BRDA:1016,48,1,0
BRF:96
BRH:0
end_of_record
TN:
SF:/home/swatimalode/Documents/Alloy/audit/smartcontract/contracts/ARF/ArfERC721V2.sol
FN:233,initialize
FN:297,upadateDefaultUri
FN:316,updateEpochStatus
FN:338,updateEpochDetails
FN:365,updateARCPoolDetails
FN:394,updateARFPoolDetails
FN:418,whitelistARFAddresses
FN:441,whitelistARCAddresses
FN:464,whitelistAddressesEggnite
FN:486,whitelistARFReserves
FN:508,whitelistARCReserves
FN:530,whitelistARFAlloyTeam
FN:552,whitelistARCAlloyTeam
FN:582,updateWallets
FN:602,updateCounter
FN:623,mintARF
FN:652,mintARC
FN:680,mintInternalARC
FN:719,mintInternalARF
FN:759,mintEggnite
FN:800,mintPrinterARF
FN:898,buy
FN:946,buyOffChain
FN:989,JoepegsMultiple
FN:1039,tokenURI
FN:1063,feeCalculation
FNF:26
FNH:23
FNDA:3,initialize
FNDA:0,upadateDefaultUri
FNDA:8,updateEpochStatus
FNDA:0,updateEpochDetails
FNDA:3,updateARCPoolDetails
FNDA:3,updateARFPoolDetails
FNDA:1,whitelistARFAddresses
FNDA:1,whitelistARCAddresses
FNDA:1,whitelistAddressesEggnite
FNDA:1,whitelistARFReserves
FNDA:1,whitelistARCReserves
FNDA:1,whitelistARFAlloyTeam
FNDA:1,whitelistARCAlloyTeam
FNDA:1,updateWallets
FNDA:3,updateCounter
FNDA:1,mintARF
FNDA:1,mintARC
FNDA:2,mintInternalARC
FNDA:2,mintInternalARF
FNDA:1,mintEggnite
FNDA:3,mintPrinterARF
FNDA:1,buy
FNDA:1,buyOffChain
FNDA:1,JoepegsMultiple
FNDA:0,tokenURI
FNDA:2,feeCalculation
DA:234,3
DA:235,3
DA:236,3
DA:238,3
DA:239,3
DA:241,3
DA:243,3
DA:254,3
DA:265,3
DA:266,24
DA:272,24
DA:275,3
DA:277,3
DA:281,3
DA:299,0
DA:300,0
DA:318,8
DA:319,16
DA:339,0
DA:340,0
DA:341,0
DA:366,3
DA:367,12
DA:368,12
DA:370,12
DA:371,12
DA:395,3
DA:396,12
DA:397,12
DA:399,12
DA:400,12
DA:420,1
DA:421,2
DA:424,1
DA:443,1
DA:444,2
DA:447,1
DA:465,1
DA:466,2
DA:469,1
DA:488,1
DA:489,2
DA:491,1
DA:510,1
DA:511,2
DA:513,1
DA:532,1
DA:533,2
DA:535,1
DA:554,1
DA:555,2
DA:558,1
DA:583,1
DA:584,1
DA:585,1
DA:586,1
DA:587,1
DA:588,1
DA:607,3
DA:611,3
DA:612,3
DA:624,1
DA:631,1
DA:635,1
DA:637,1
DA:638,1
DA:639,1
DA:641,1
DA:653,1
DA:660,0
DA:664,0
DA:665,0
DA:667,0
DA:669,0
DA:681,2
DA:688,2
DA:689,1
DA:693,1
DA:696,2
DA:697,1
DA:701,1
DA:704,2
DA:706,2
DA:708,2
DA:720,2
DA:727,2
DA:728,1
DA:732,1
DA:735,2
DA:736,1
DA:740,1
DA:743,2
DA:745,2
DA:746,2
DA:748,2
DA:760,1
DA:768,1
DA:773,1
DA:774,1
DA:776,1
DA:777,1
DA:778,1
DA:780,1
DA:782,1
DA:801,3
DA:812,3
DA:827,3
DA:835,3
DA:836,3
DA:840,3
DA:842,3
DA:843,3
DA:844,3
DA:846,3
DA:847,3
DA:850,3
DA:851,3
DA:852,0
DA:857,0
DA:861,0
DA:868,3
DA:869,3
DA:872,3
DA:874,3
DA:900,1
DA:901,1
DA:912,1
DA:917,1
DA:918,1
DA:921,1
DA:922,1
DA:923,1
DA:925,1
DA:948,1
DA:959,1
DA:964,1
DA:967,1
DA:968,1
DA:969,1
DA:971,1
DA:990,1
DA:998,1
DA:999,1
DA:1000,1
DA:1001,1
DA:1006,1
DA:1007,1
DA:1011,1
DA:1017,1
DA:1018,1
DA:1019,1
DA:1020,1
DA:1022,1
DA:1023,1
DA:1024,1
DA:1027,1
DA:1046,0
DA:1050,0
DA:1068,2
LF:159
LH:144
BRDA:233,1,0,3
BRDA:233,1,1,0
BRDA:297,2,0,0
BRDA:297,2,1,0
BRDA:316,3,0,8
BRDA:316,3,1,0
BRDA:338,4,0,0
BRDA:338,4,1,0
BRDA:365,5,0,3
BRDA:365,5,1,0
BRDA:394,6,0,3
BRDA:394,6,1,0
BRDA:418,7,0,1
BRDA:418,7,1,0
BRDA:441,8,0,1
BRDA:441,8,1,0
BRDA:464,9,0,1
BRDA:464,9,1,0
BRDA:486,10,0,1
BRDA:486,10,1,0
BRDA:508,11,0,1
BRDA:508,11,1,0
BRDA:530,12,0,1
BRDA:530,12,1,0
BRDA:552,13,0,1
BRDA:552,13,1,0
BRDA:582,14,0,1
BRDA:582,14,1,0
BRDA:607,15,0,3
BRDA:607,15,1,0
BRDA:624,16,0,1
BRDA:624,16,1,0
BRDA:631,17,0,1
BRDA:631,17,1,0
BRDA:652,18,0,1
BRDA:652,18,1,0
BRDA:653,19,0,0
BRDA:653,19,1,1
BRDA:660,20,0,0
BRDA:660,20,1,0
BRDA:680,21,0,2
BRDA:680,21,1,0
BRDA:681,22,0,2
BRDA:681,22,1,0
BRDA:685,23,0,1
BRDA:685,23,1,1
BRDA:688,24,0,1
BRDA:688,24,1,1
BRDA:689,25,0,1
BRDA:689,25,1,0
BRDA:696,26,0,1
BRDA:696,26,1,1
BRDA:697,27,0,1
BRDA:697,27,1,0
BRDA:720,28,0,2
BRDA:720,28,1,0
BRDA:724,29,0,1
BRDA:724,29,1,1
BRDA:727,30,0,1
BRDA:727,30,1,1
BRDA:728,31,0,1
BRDA:728,31,1,0
BRDA:735,32,0,1
BRDA:735,32,1,1
BRDA:736,33,0,1
BRDA:736,33,1,0
BRDA:759,34,0,1
BRDA:759,34,1,0
BRDA:760,35,0,1
BRDA:760,35,1,0
BRDA:768,36,0,1
BRDA:768,36,1,0
BRDA:800,37,0,3
BRDA:800,37,1,0
BRDA:801,38,0,3
BRDA:801,38,1,0
BRDA:812,39,0,3
BRDA:812,39,1,0
BRDA:817,40,0,1
BRDA:817,40,1,1
BRDA:817,41,0,1
BRDA:817,41,1,1
BRDA:827,42,0,3
BRDA:827,42,1,0
BRDA:836,43,0,3
BRDA:836,43,1,0
BRDA:851,44,0,0
BRDA:851,44,1,3
BRDA:898,45,0,1
BRDA:898,45,1,0
BRDA:901,46,0,1
BRDA:901,46,1,0
BRDA:912,47,0,1
BRDA:912,47,1,0
BRDA:946,48,0,1
BRDA:946,48,1,0
BRDA:948,49,0,1
BRDA:948,49,1,0
BRDA:959,50,0,1
BRDA:959,50,1,0
BRDA:989,51,0,1
BRDA:989,51,1,0
BRDA:990,52,0,1
BRDA:990,52,1,0
BRDA:1001,53,0,1
BRDA:1001,53,1,0
BRDA:1046,54,0,0
BRDA:1046,54,1,0
BRF:108
BRH:58
end_of_record
TN:
SF:/home/swatimalode/Documents/Alloy/audit/smartcontract/contracts/ARF/IERC20Upgradeable.sol
FNF:0
FNH:0
LF:0
LH:0
BRF:0
BRH:0
end_of_record
TN:
SF:/home/swatimalode/Documents/Alloy/audit/smartcontract/contracts/ARF/MintpegInterface.sol
FN:8,mint
FN:13,mintARC
FN:20,isVerified
FN:22,commissionFee
FN:27,burn
FN:32,balanceOf
FN:41,ownerOf
FN:56,safeTransferFrom
FN:77,safeTransferFrom
FN:97,transferFrom
FN:116,approve
FN:128,setApprovalForAll
FN:137,getApproved
FN:144,isApprovedForAll
FNF:14
FNH:0
FNDA:0,mint
FNDA:0,mintARC
FNDA:0,isVerified
FNDA:0,commissionFee
FNDA:0,burn
FNDA:0,balanceOf
FNDA:0,ownerOf
FNDA:0,safeTransferFrom
FNDA:0,safeTransferFrom
FNDA:0,transferFrom
FNDA:0,approve
FNDA:0,setApprovalForAll
FNDA:0,getApproved
FNDA:0,isApprovedForAll
LF:0
LH:0
BRF:0
BRH:0
end_of_record
TN:
SF:/home/swatimalode/Documents/Alloy/audit/smartcontract/contracts/CONSTRUCT/ConstructERC721V1.sol
FN:137,initialize
FN:163,upadateDefaultUri
FN:183,updateWallets
FN:201,buy
FN:247,buyOffChain
FN:291,mintConstruct
FN:335,sellAlloyConstruct
FN:371,convertConstruct
FN:407,tokenURI
FN:427,feeCalculation
FNF:10
FNH:5
FNDA:0,initialize
FNDA:1,upadateDefaultUri
FNDA:1,updateWallets
FNDA:0,buy
FNDA:1,buyOffChain
FNDA:1,mintConstruct
FNDA:1,sellAlloyConstruct
FNDA:0,convertConstruct
FNDA:0,tokenURI
FNDA:0,feeCalculation
DA:138,0
DA:139,1
DA:140,1
DA:142,1
DA:143,1
DA:145,1
DA:147,1
DA:164,1
DA:165,1
DA:184,1
DA:185,1
DA:186,1
DA:187,1
DA:202,1
DA:203,1
DA:214,1
DA:219,1
DA:220,1
DA:223,1
DA:224,1
DA:225,1
DA:227,0
DA:248,1
DA:259,1
DA:264,1
DA:267,1
DA:268,1
DA:269,0
DA:271,1
DA:292,1
DA:304,1
DA:310,1
DA:312,0
DA:313,1
DA:314,1
DA:316,1
DA:336,1
DA:348,1
DA:353,1
DA:354,1
DA:355,1
DA:357,1
DA:372,0
DA:384,0
DA:385,0
DA:386,2
DA:391,0
DA:392,0
DA:394,0
DA:395,0
DA:397,0
DA:399,0
DA:401,0
DA:410,0
DA:414,0
DA:430,0
LF:56
LH:39
BRDA:137,1,0,0
BRDA:137,1,1,0
BRDA:163,2,0,0
BRDA:163,2,1,0
BRDA:183,3,0,0
BRDA:183,3,1,0
BRDA:201,4,0,0
BRDA:201,4,1,0
BRDA:203,5,0,1
BRDA:203,5,1,0
BRDA:214,6,0,1
BRDA:214,6,1,0
BRDA:247,7,0,0
BRDA:247,7,1,0
BRDA:248,8,0,1
BRDA:248,8,1,0
BRDA:259,9,0,1
BRDA:259,9,1,0
BRDA:291,10,0,0
BRDA:291,10,1,0
BRDA:292,11,0,1
BRDA:292,11,1,0
BRDA:304,12,0,1
BRDA:304,12,1,0
BRDA:335,13,0,0
BRDA:335,13,1,0
BRDA:336,14,0,1
BRDA:336,14,1,0
BRDA:348,15,0,1
BRDA:348,15,1,0
BRDA:371,16,0,0
BRDA:371,16,1,0
BRDA:372,17,0,0
BRDA:372,17,1,0
BRDA:386,18,0,0
BRDA:386,18,1,0
BRDA:410,19,0,0
BRDA:410,19,1,0
BRF:38
BRH:8
end_of_record
TN:
SF:/home/swatimalode/Documents/Alloy/audit/smartcontract/contracts/CONSTRUCT/IERC20Upgradeable.sol
FNF:0
FNH:0
LF:0
LH:0
BRF:0
BRH:0
end_of_record
TN:
SF:/home/swatimalode/Documents/Alloy/audit/smartcontract/contracts/CONSTRUCT/MintpegInterface.sol
FN:8,mint
FN:10,mintARC
FN:14,isVerified
FN:16,commissionFee
FN:17,burnTokens
FN:22,burn
FN:27,balanceOf
FN:36,ownerOf
FN:51,safeTransferFrom
FN:72,safeTransferFrom
FN:92,transferFrom
FN:111,approve
FN:123,setApprovalForAll
FN:132,getApproved
FN:139,isApprovedForAll
FNF:15
FNH:0
FNDA:0,mint
FNDA:0,mintARC
FNDA:0,isVerified
FNDA:0,commissionFee
FNDA:0,burnTokens
FNDA:0,burn
FNDA:0,balanceOf
FNDA:0,ownerOf
FNDA:0,safeTransferFrom
FNDA:0,safeTransferFrom
FNDA:0,transferFrom
FNDA:0,approve
FNDA:0,setApprovalForAll
FNDA:0,getApproved
FNDA:0,isApprovedForAll
LF:0
LH:0
BRF:0
BRH:0
end_of_record
TN:
SF:/home/swatimalode/Documents/Alloy/audit/smartcontract/contracts/EXTRACONSTRACTS/Joepegs.sol
FN:15,initialize
FN:24,mint
FNF:2
FNH:0
FNDA:0,initialize
FNDA:0,mint
DA:16,0
DA:17,0
DA:29,0
DA:30,0
DA:31,0
LF:5
LH:0
BRDA:15,1,0,0
BRDA:15,1,1,0
BRF:2
BRH:0
end_of_record
TN:
SF:/home/swatimalode/Documents/Alloy/audit/smartcontract/contracts/NIOZ/ERC20Upgradeable.sol
FN:65,__ERC20_init
FN:72,__ERC20_init_unchained
FN:80,name
FN:88,symbol
FN:105,decimals
FN:112,totalSupply
FN:119,balanceOf
FN:133,transfer
FN:145,allowance
FN:162,approve
FN:187,transferFrom
FN:210,increaseAllowance
FN:233,decreaseAllowance
FN:264,_transfer
FN:298,_mint
FN:321,_burn
FN:351,_approve
FN:371,_spendAllowance
FN:402,_beforeTokenTransfer
FN:428,_afterTokenTransfer
FNF:20
FNH:8
FNDA:1,__ERC20_init
FNDA:0,__ERC20_init_unchained
FNDA:0,name
FNDA:3,symbol
FNDA:1,decimals
FNDA:1,totalSupply
FNDA:1,balanceOf
FNDA:0,transfer
FNDA:0,allowance
FNDA:0,approve
FNDA:0,transferFrom
FNDA:0,increaseAllowance
FNDA:0,decreaseAllowance
FNDA:1,_transfer
FNDA:8,_mint
FNDA:5,_burn
FNDA:0,_approve
FNDA:0,_spendAllowance
FNDA:0,_beforeTokenTransfer
FNDA:0,_afterTokenTransfer
DA:66,1
DA:73,0
DA:74,0
DA:81,0
DA:89,3
DA:106,1
DA:113,1
DA:122,0
DA:137,0
DA:138,0
DA:139,0
DA:149,0
DA:166,0
DA:167,0
DA:168,0
DA:192,0
DA:193,0
DA:194,0
DA:195,0
DA:214,0
DA:215,0
DA:216,0
DA:237,0
DA:238,0
DA:239,1
DA:243,1
DA:244,1
DA:247,1
DA:269,1
DA:270,1
DA:272,1
DA:274,1
DA:275,1
DA:279,8
DA:280,8
DA:282,8
DA:284,8
DA:286,8
DA:299,8
DA:301,5
DA:303,5
DA:304,5
DA:305,5
DA:307,5
DA:322,5
DA:324,5
DA:326,5
DA:327,5
DA:328,0
DA:329,0
DA:331,0
DA:333,0
DA:335,0
DA:356,0
DA:357,0
DA:359,0
DA:360,0
DA:376,0
DA:377,0
DA:378,14
DA:382,14
DA:383,14
DA:407,0
DA:411,0
LF:64
LH:31
BRDA:65,1,0,0
BRDA:65,1,1,0
BRDA:72,2,0,0
BRDA:72,2,1,0
BRDA:239,3,0,1
BRDA:239,3,1,0
BRDA:269,4,0,1
BRDA:269,4,1,0
BRDA:270,5,0,1
BRDA:270,5,1,0
BRDA:275,6,0,8
BRDA:275,6,1,-7
BRDA:299,7,0,5
BRDA:299,7,1,3
BRDA:322,8,0,5
BRDA:322,8,1,0
BRDA:327,9,0,0
BRDA:327,9,1,5
BRDA:356,10,0,0
BRDA:356,10,1,0
BRDA:357,11,0,0
BRDA:357,11,1,0
BRDA:377,12,0,14
BRDA:377,12,1,0
BRDA:378,13,0,14
BRDA:378,13,1,0
BRDA:407,14,0,0
BRDA:407,14,1,0
BRF:28
BRH:10
end_of_record
TN:
SF:/home/swatimalode/Documents/Alloy/audit/smartcontract/contracts/NIOZ/IERC721Upgradeable.sol
FNF:0
FNH:0
LF:0
LH:0
BRF:0
BRH:0
end_of_record
TN:
SF:/home/swatimalode/Documents/Alloy/audit/smartcontract/contracts/NIOZ/NiozERC20V1.sol
FN:123,initialize
FN:159,onlyAllowedAddress
FN:178,updateAddresses
FN:194,updatePlatformWallets
FN:213,updateMintData
FN:238,stake
FN:261,sellUnprocessedPart
FN:297,safeTransfer
FN:315,mint
FN:329,reward
FN:363,viewSharePercent
FN:392,claim
FN:420,refurbished
FN:464,blacklist
FN:482,mintWeeklyTokens
FNF:15
FNH:0
FNDA:0,initialize
FNDA:0,onlyAllowedAddress
FNDA:0,updateAddresses
FNDA:0,updatePlatformWallets
FNDA:0,updateMintData
FNDA:0,stake
FNDA:0,sellUnprocessedPart
FNDA:0,safeTransfer
FNDA:0,mint
FNDA:0,reward
FNDA:0,viewSharePercent
FNDA:0,claim
FNDA:0,refurbished
FNDA:0,blacklist
FNDA:0,mintWeeklyTokens
DA:124,0
DA:125,0
DA:126,0
DA:127,0
DA:129,0
DA:130,0
DA:136,0
DA:137,0
DA:144,0
DA:145,0
DA:152,0
DA:160,0
DA:164,0
DA:179,0
DA:180,0
DA:181,0
DA:182,0
DA:196,0
DA:197,0
DA:198,0
DA:214,0
DA:215,0
DA:222,0
DA:243,0
DA:248,0
DA:250,0
DA:265,0
DA:276,0
DA:277,0
DA:279,0
DA:298,0
DA:299,0
DA:317,0
DA:330,0
DA:341,0
DA:343,0
DA:344,0
DA:346,0
DA:373,0
DA:374,0
DA:375,0
DA:378,0
DA:379,0
DA:380,0
DA:381,0
DA:393,0
DA:404,0
DA:406,0
DA:407,0
DA:409,0
DA:424,0
DA:436,0
DA:441,0
DA:442,0
DA:444,0
DA:466,0
DA:467,0
DA:468,0
DA:469,0
DA:483,0
DA:488,0
DA:489,0
DA:491,0
LF:63
LH:0
BRDA:123,1,0,0
BRDA:123,1,1,0
BRDA:160,2,0,0
BRDA:160,2,1,0
BRDA:178,3,0,0
BRDA:178,3,1,0
BRDA:194,4,0,0
BRDA:194,4,1,0
BRDA:213,5,0,0
BRDA:213,5,1,0
BRDA:243,6,0,0
BRDA:243,6,1,0
BRDA:265,7,0,0
BRDA:265,7,1,0
BRDA:297,8,0,0
BRDA:297,8,1,0
BRDA:315,9,0,0
BRDA:315,9,1,0
BRDA:330,10,0,0
BRDA:330,10,1,0
BRDA:341,11,0,0
BRDA:341,11,1,0
BRDA:393,12,0,0
BRDA:393,12,1,0
BRDA:404,13,0,0
BRDA:404,13,1,0
BRDA:424,14,0,0
BRDA:424,14,1,0
BRDA:436,15,0,0
BRDA:436,15,1,0
BRDA:464,16,0,0
BRDA:464,16,1,0
BRDA:468,17,0,0
BRDA:468,17,1,0
BRDA:482,18,0,0
BRDA:482,18,1,0
BRDA:483,19,0,0
BRDA:483,19,1,0
BRF:38
BRH:0
end_of_record
TN:
SF:/home/swatimalode/Documents/Alloy/audit/smartcontract/contracts/NIOZ/NiozERC20V2.sol
FN:139,initialize
FN:175,onlyAllowedAddress
FN:196,updateAddresses
FN:212,updatePlatformWallets
FN:230,updateMintData
FN:255,stake
FN:280,stakeInFoundary
FN:294,sellUnprocessedPart
FN:337,safeTransfer
FN:355,mint
FN:373,viewSharePercent
FN:404,claim
FN:432,refurbished
FN:476,blacklist
FN:493,mintWeeklyTokens
FN:517,burnTokens
FN:539,burnTokensAuth
FN:563,recoverSigner
FNF:18
FNH:13
FNDA:3,initialize
FNDA:0,onlyAllowedAddress
FNDA:1,updateAddresses
FNDA:1,updatePlatformWallets
FNDA:1,updateMintData
FNDA:1,stake
FNDA:1,stakeInFoundary
FNDA:1,sellUnprocessedPart
FNDA:2,safeTransfer
FNDA:0,mint
FNDA:0,viewSharePercent
FNDA:1,claim
FNDA:1,refurbished
FNDA:0,blacklist
FNDA:1,mintWeeklyTokens
FNDA:0,burnTokens
FNDA:5,burnTokensAuth
FNDA:5,recoverSigner
DA:140,3
DA:141,3
DA:142,3
DA:143,3
DA:145,3
DA:146,12
DA:152,2
DA:153,2
DA:160,1
DA:161,2
DA:168,0
DA:176,1
DA:181,0
DA:197,1
DA:198,1
DA:199,4
DA:200,4
DA:201,0
DA:213,1
DA:214,4
DA:215,4
DA:231,1
DA:232,1
DA:239,1
DA:260,1
DA:265,1
DA:267,1
DA:281,1
DA:283,1
DA:298,1
DA:310,1
DA:315,0
DA:316,0
DA:317,0
DA:319,0
DA:338,0
DA:339,0
DA:356,0
DA:385,1
DA:386,1
DA:387,1
DA:390,1
DA:391,1
DA:392,1
DA:393,1
DA:405,1
DA:416,1
DA:418,1
DA:419,1
DA:421,1
DA:436,1
DA:448,0
DA:453,0
DA:454,0
DA:456,0
DA:477,0
DA:478,1
DA:479,1
DA:480,1
DA:494,1
DA:499,1
DA:500,1
DA:502,1
DA:518,0
DA:522,1
DA:524,1
DA:540,5
DA:544,5
DA:546,5
DA:567,5
DA:568,5
DA:569,0
DA:570,5
DA:571,5
DA:577,5
DA:578,0
DA:580,0
DA:582,0
DA:584,0
DA:585,0
DA:589,0
DA:594,0
DA:595,0
DA:596,0
DA:598,0
DA:600,0
DA:602,0
LF:87
LH:58
BRDA:139,1,0,0
BRDA:139,1,1,0
BRDA:176,2,0,1
BRDA:176,2,1,0
BRDA:177,3,0,1
BRDA:177,3,1,1
BRDA:196,4,0,0
BRDA:196,4,1,0
BRDA:212,5,0,0
BRDA:212,5,1,0
BRDA:230,6,0,0
BRDA:230,6,1,0
BRDA:260,7,0,1
BRDA:260,7,1,0
BRDA:298,8,0,1
BRDA:298,8,1,0
BRDA:310,9,0,0
BRDA:310,9,1,0
BRDA:337,10,0,0
BRDA:337,10,1,0
BRDA:355,11,0,0
BRDA:355,11,1,0
BRDA:405,12,0,1
BRDA:405,12,1,0
BRDA:416,13,0,1
BRDA:416,13,1,0
BRDA:436,14,0,1
BRDA:436,14,1,0
BRDA:448,15,0,0
BRDA:448,15,1,0
BRDA:476,16,0,0
BRDA:476,16,1,0
BRDA:479,17,0,1
BRDA:479,17,1,1
BRDA:493,18,0,0
BRDA:493,18,1,0
BRDA:494,19,0,1
BRDA:494,19,1,0
BRDA:518,20,0,1
BRDA:518,20,1,0
BRDA:539,21,0,0
BRDA:539,21,1,0
BRDA:540,22,0,5
BRDA:540,22,1,0
BRDA:570,23,0,0
BRDA:570,23,1,0
BRDA:577,24,0,0
BRDA:577,24,1,0
BRDA:579,25,0,0
BRDA:579,25,1,0
BRDA:583,26,0,0
BRDA:583,26,1,0
BRDA:595,27,0,0
BRDA:595,27,1,0
BRDA:597,28,0,0
BRDA:597,28,1,0
BRF:56
BRH:13
end_of_record
